<?xml version="1.0" encoding="UTF-8"?>
<!-- Generated by org.testng.reporters.JUnitXMLReporter -->
<testsuite hostname="INLN34327205A" ignored="0" name="Free CRM App Test Cases" tests="3" failures="0" timestamp="01 Nov 2018 06:12:23 GMT" time="47.425" errors="0">
  <testcase name="loginPageTitleTest" time="0.024" classname="com.crm.test.LoginPageTest"/>
  <testcase name="LogoTest" time="0.066" classname="com.crm.test.LoginPageTest"/>
  <testcase name="LoginTest" time="15.481" classname="com.crm.test.LoginPageTest"/>
</testsuite> <!-- Free CRM App Test Cases -->
