<?xml version="1.0" encoding="UTF-8"?>
<!-- Generated by org.testng.reporters.JUnitXMLReporter -->
<testsuite hostname="INLN34327205A" ignored="0" name="Command line test" tests="10" failures="0" timestamp="09 Nov 2018 15:13:43 GMT" time="313.906" errors="0">
  <testcase name="@BeforeMethod setup" time="154.876" classname="com.crm.test.LoginPageTest">
    <failure type="java.lang.StackOverflowError">
      <![CDATA[java.lang.StackOverflowError
	at org.openqa.selenium.support.events.EventFiringWebDriver$2.invoke(EventFiringWebDriver.java:105)
	at com.sun.proxy.$Proxy6.getScreenshotAs(Unknown Source)
	at org.openqa.selenium.support.events.EventFiringWebDriver.getScreenshotAs(EventFiringWebDriver.java:288)
	at com.crm.utils.TestUtil.takeScreenshotAtEndOfTest(TestUtil.java:65)
	at com.crm.utils.WebEventListener.onException(WebEventListener.java:71)
	at org.openqa.selenium.support.events.EventFiringWebDriver$1.invoke(EventFiringWebDriver.java:82)
	at com.sun.proxy.$Proxy5.onException(Unknown Source)
	at org.openqa.selenium.support.events.EventFiringWebDriver$2.invoke(EventFiringWebDriver.java:107)
	at com.sun.proxy.$Proxy6.getScreenshotAs(Unknown Source)
	at org.openqa.selenium.support.events.EventFiringWebDriver.getScreenshotAs(EventFiringWebDriver.java:288)
	at com.crm.utils.TestUtil.takeScreenshotAtEndOfTest(TestUtil.java:65)
	at com.crm.utils.WebEventListener.onException(WebEventListener.java:71)
	at org.openqa.selenium.support.events.EventFiringWebDriver$1.invoke(EventFiringWebDriver.java:82)
	at com.sun.proxy.$Proxy5.onException(Unknown Source)
	at org.openqa.selenium.support.events.EventFiringWebDriver$2.invoke(EventFiringWebDriver.java:107)
	at com.sun.proxy.$Proxy6.getScreenshotAs(Unknown Source)
	at org.openqa.selenium.support.events.EventFiringWebDriver.getScreenshotAs(EventFiringWebDriver.java:288)
	at com.crm.utils.TestUtil.takeScreenshotAtEndOfTest(TestUtil.java:65)
	at com.crm.utils.WebEventListener.onException(WebEventListener.java:71)
	at org.openqa.selenium.support.events.EventFiringWebDriver$1.invoke(EventFiringWebDriver.java:82)
	at com.sun.proxy.$Proxy5.onException(Unknown Source)
	at org.openqa.selenium.support.events.EventFiringWebDriver$2.invoke(EventFiringWebDriver.java:107)
	at com.sun.proxy.$Proxy6.getScreenshotAs(Unknown Source)
	at org.openqa.selenium.support.events.EventFiringWebDriver.getScreenshotAs(EventFiringWebDriver.java:288)
	at com.crm.utils.TestUtil.takeScreenshotAtEndOfTest(TestUtil.java:65)
	at com.crm.utils.WebEventListener.onException(WebEventListener.java:71)
	at org.openqa.selenium.support.events.EventFiringWebDriver$1.invoke(EventFiringWebDriver.java:82)
	at com.sun.proxy.$Proxy5.onException(Unknown Source)
	at org.openqa.selenium.support.events.EventFiringWebDriver$2.invoke(EventFiringWebDriver.java:107)
	at com.sun.proxy.$Proxy6.getScreenshotAs(Unknown Source)
	at org.openqa.selenium.support.events.EventFiringWebDriver.getScreenshotAs(EventFiringWebDriver.java:288)
	at com.crm.utils.TestUtil.takeScreenshotAtEndOfTest(TestUtil.java:65)
	at com.crm.utils.WebEventListener.onException(WebEventListener.java:71)
	at org.openqa.selenium.support.events.EventFiringWebDriver$1.invoke(EventFiringWebDriver.java:82)
	at com.sun.proxy.$Proxy5.onException(Unknown Source)
	at org.openqa.selenium.support.events.EventFiringWebDriver$2.invoke(EventFiringWebDriver.java:107)
	at com.sun.proxy.$Proxy6.getScreenshotAs(Unknown Source)
	at org.openqa.selenium.support.events.EventFiringWebDriver.getScreenshotAs(EventFiringWebDriver.java:288)
	at com.crm.utils.TestUtil.takeScreenshotAtEndOfTest(TestUtil.java:65)
	at com.crm.utils.WebEventListener.onException(WebEventListener.java:71)
	at org.openqa.selenium.support.events.EventFiringWebDriver$1.invoke(EventFiringWebDriver.java:82)
	at com.sun.proxy.$Proxy5.onException(Unknown Source)
	at org.openqa.selenium.support.events.EventFiringWebDriver$2.invoke(EventFiringWebDriver.java:107)
	at com.sun.proxy.$Proxy6.getScreenshotAs(Unknown Source)
	at org.openqa.selenium.support.events.EventFiringWebDriver.getScreenshotAs(EventFiringWebDriver.java:288)
	at com.crm.utils.TestUtil.takeScreenshotAtEndOfTest(TestUtil.java:65)
	at com.crm.utils.WebEventListener.onException(WebEventListener.java:71)
	at org.openqa.selenium.support.events.EventFiringWebDriver$1.invoke(EventFiringWebDriver.java:82)
	at com.sun.proxy.$Proxy5.onException(Unknown Source)
	at org.openqa.selenium.support.events.EventFiringWebDriver$2.invoke(EventFiringWebDriver.java:107)
	at com.sun.proxy.$Proxy6.getScreenshotAs(Unknown Source)
	at org.openqa.selenium.support.events.EventFiringWebDriver.getScreenshotAs(EventFiringWebDriver.java:288)
	at com.crm.utils.TestUtil.takeScreenshotAtEndOfTest(TestUtil.java:65)
	at com.crm.utils.WebEventListener.onException(WebEventListener.java:71)
	at org.openqa.selenium.support.events.EventFiringWebDriver$1.invoke(EventFiringWebDriver.java:82)
	at com.sun.proxy.$Proxy5.onException(Unknown Source)
	at org.openqa.selenium.support.events.EventFiringWebDriver$2.invoke(EventFiringWebDriver.java:107)
	at com.sun.proxy.$Proxy6.getScreenshotAs(Unknown Source)
	at org.openqa.selenium.support.events.EventFiringWebDriver.getScreenshotAs(EventFiringWebDriver.java:288)
	at com.crm.utils.TestUtil.takeScreenshotAtEndOfTest(TestUtil.java:65)
	at com.crm.utils.WebEventListener.onException(WebEventListener.java:71)
	at org.openqa.selenium.support.events.EventFiringWebDriver$1.invoke(EventFiringWebDriver.java:82)
	at com.sun.proxy.$Proxy5.onException(Unknown Source)
	at org.openqa.selenium.support.events.EventFiringWebDriver$2.invoke(EventFiringWebDriver.java:107)
	at com.sun.proxy.$Proxy6.getScreenshotAs(Unknown Source)
	at org.openqa.selenium.support.events.EventFiringWebDriver.getScreenshotAs(EventFiringWebDriver.java:288)
	at com.crm.utils.TestUtil.takeScreenshotAtEndOfTest(TestUtil.java:65)
	at com.crm.utils.WebEventListener.onException(WebEventListener.java:71)
	at org.openqa.selenium.support.events.EventFiringWebDriver$1.invoke(EventFiringWebDriver.java:82)
	at com.sun.proxy.$Proxy5.onException(Unknown Source)
	at org.openqa.selenium.support.events.EventFiringWebDriver$2.invoke(EventFiringWebDriver.java:107)
	at com.sun.proxy.$Proxy6.getScreenshotAs(Unknown Source)
	at org.openqa.selenium.support.events.EventFiringWebDriver.getScreenshotAs(EventFiringWebDriver.java:288)
	at com.crm.utils.TestUtil.takeScreenshotAtEndOfTest(TestUtil.java:65)
	at com.crm.utils.WebEventListener.onException(WebEventListener.java:71)
	at org.openqa.selenium.support.events.EventFiringWebDriver$1.invoke(EventFiringWebDriver.java:82)
	at com.sun.proxy.$Proxy5.onException(Unknown Source)
	at org.openqa.selenium.support.events.EventFiringWebDriver$2.invoke(EventFiringWebDriver.java:107)
	at com.sun.proxy.$Proxy6.getScreenshotAs(Unknown Source)
	at org.openqa.selenium.support.events.EventFiringWebDriver.getScreenshotAs(EventFiringWebDriver.java:288)
	at com.crm.utils.TestUtil.takeScreenshotAtEndOfTest(TestUtil.java:65)
	at com.crm.utils.WebEventListener.onException(WebEventListener.java:71)
	at org.openqa.selenium.support.events.EventFiringWebDriver$1.invoke(EventFiringWebDriver.java:82)
	at com.sun.proxy.$Proxy5.onException(Unknown Source)
	at org.openqa.selenium.support.events.EventFiringWebDriver$2.invoke(EventFiringWebDriver.java:107)
	at com.sun.proxy.$Proxy6.getScreenshotAs(Unknown Source)
	at org.openqa.selenium.support.events.EventFiringWebDriver.getScreenshotAs(EventFiringWebDriver.java:288)
	at com.crm.utils.TestUtil.takeScreenshotAtEndOfTest(TestUtil.java:65)
	at com.crm.utils.WebEventListener.onException(WebEventListener.java:71)
	at org.openqa.selenium.support.events.EventFiringWebDriver$1.invoke(EventFiringWebDriver.java:82)
	at com.sun.proxy.$Proxy5.onException(Unknown Source)
	at org.openqa.selenium.support.events.EventFiringWebDriver$2.invoke(EventFiringWebDriver.java:107)
	at com.sun.proxy.$Proxy6.getScreenshotAs(Unknown Source)
	at org.openqa.selenium.support.events.EventFiringWebDriver.getScreenshotAs(EventFiringWebDriver.java:288)
	at com.crm.utils.TestUtil.takeScreenshotAtEndOfTest(TestUtil.java:65)
	at com.crm.utils.WebEventListener.onException(WebEventListener.java:71)
	at org.openqa.selenium.support.events.EventFiringWebDriver$1.invoke(EventFiringWebDriver.java:82)
	at com.sun.proxy.$Proxy5.onException(Unknown Source)
	at org.openqa.selenium.support.events.EventFiringWebDriver$2.invoke(EventFiringWebDriver.java:107)
	at com.sun.proxy.$Proxy6.getScreenshotAs(Unknown Source)
	at org.openqa.selenium.support.events.EventFiringWebDriver.getScreenshotAs(EventFiringWebDriver.java:288)
	at com.crm.utils.TestUtil.takeScreenshotAtEndOfTest(TestUtil.java:65)
	at com.crm.utils.WebEventListener.onException(WebEventListener.java:71)
	at org.openqa.selenium.support.events.EventFiringWebDriver$1.invoke(EventFiringWebDriver.java:82)
	at com.sun.proxy.$Proxy5.onException(Unknown Source)
	at org.openqa.selenium.support.events.EventFiringWebDriver$2.invoke(EventFiringWebDriver.java:107)
	at com.sun.proxy.$Proxy6.getScreenshotAs(Unknown Source)
	at org.openqa.selenium.support.events.EventFiringWebDriver.getScreenshotAs(EventFiringWebDriver.java:288)
	at com.crm.utils.TestUtil.takeScreenshotAtEndOfTest(TestUtil.java:65)
	at com.crm.utils.WebEventListener.onException(WebEventListener.java:71)
	at org.openqa.selenium.support.events.EventFiringWebDriver$1.invoke(EventFiringWebDriver.java:82)
	at com.sun.proxy.$Proxy5.onException(Unknown Source)
	at org.openqa.selenium.support.events.EventFiringWebDriver$2.invoke(EventFiringWebDriver.java:107)
	at com.sun.proxy.$Proxy6.getScreenshotAs(Unknown Source)
	at org.openqa.selenium.support.events.EventFiringWebDriver.getScreenshotAs(EventFiringWebDriver.java:288)
	at com.crm.utils.TestUtil.takeScreenshotAtEndOfTest(TestUtil.java:65)
	at com.crm.utils.WebEventListener.onException(WebEventListener.java:71)
	at org.openqa.selenium.support.events.EventFiringWebDriver$1.invoke(EventFiringWebDriver.java:82)
	at com.sun.proxy.$Proxy5.onException(Unknown Source)
	at org.openqa.selenium.support.events.EventFiringWebDriver$2.invoke(EventFiringWebDriver.java:107)
	at com.sun.proxy.$Proxy6.getScreenshotAs(Unknown Source)
	at org.openqa.selenium.support.events.EventFiringWebDriver.getScreenshotAs(EventFiringWebDriver.java:288)
	at com.crm.utils.TestUtil.takeScreenshotAtEndOfTest(TestUtil.java:65)
	at com.crm.utils.WebEventListener.onException(WebEventListener.java:71)
	at org.openqa.selenium.support.events.EventFiringWebDriver$1.invoke(EventFiringWebDriver.java:82)
	at com.sun.proxy.$Proxy5.onException(Unknown Source)
	at org.openqa.selenium.support.events.EventFiringWebDriver$2.invoke(EventFiringWebDriver.java:107)
	at com.sun.proxy.$Proxy6.getScreenshotAs(Unknown Source)
	at org.openqa.selenium.support.events.EventFiringWebDriver.getScreenshotAs(EventFiringWebDriver.java:288)
	at com.crm.utils.TestUtil.takeScreenshotAtEndOfTest(TestUtil.java:65)
	at com.crm.utils.WebEventListener.onException(WebEventListener.java:71)
	at org.openqa.selenium.support.events.EventFiringWebDriver$1.invoke(EventFiringWebDriver.java:82)
	at com.sun.proxy.$Proxy5.onException(Unknown Source)
	at org.openqa.selenium.support.events.EventFiringWebDriver$2.invoke(EventFiringWebDriver.java:107)
	at com.sun.proxy.$Proxy6.getScreenshotAs(Unknown Source)
	at org.openqa.selenium.support.events.EventFiringWebDriver.getScreenshotAs(EventFiringWebDriver.java:288)
	at com.crm.utils.TestUtil.takeScreenshotAtEndOfTest(TestUtil.java:65)
	at com.crm.utils.WebEventListener.onException(WebEventListener.java:71)
	at org.openqa.selenium.support.events.EventFiringWebDriver$1.invoke(EventFiringWebDriver.java:82)
	at com.sun.proxy.$Proxy5.onException(Unknown Source)
	at org.openqa.selenium.support.events.EventFiringWebDriver$2.invoke(EventFiringWebDriver.java:107)
	at com.sun.proxy.$Proxy6.getScreenshotAs(Unknown Source)
	at org.openqa.selenium.support.events.EventFiringWebDriver.getScreenshotAs(EventFiringWebDriver.java:288)
	at com.crm.utils.TestUtil.takeScreenshotAtEndOfTest(TestUtil.java:65)
	at com.crm.utils.WebEventListener.onException(WebEventListener.java:71)
	at org.openqa.selenium.support.events.EventFiringWebDriver$1.invoke(EventFiringWebDriver.java:82)
	at com.sun.proxy.$Proxy5.onException(Unknown Source)
	at org.openqa.selenium.support.events.EventFiringWebDriver$2.invoke(EventFiringWebDriver.java:107)
	at com.sun.proxy.$Proxy6.getScreenshotAs(Unknown Source)
	at org.openqa.selenium.support.events.EventFiringWebDriver.getScreenshotAs(EventFiringWebDriver.java:288)
	at com.crm.utils.TestUtil.takeScreenshotAtEndOfTest(TestUtil.java:65)
	at com.crm.utils.WebEventListener.onException(WebEventListener.java:71)
	at org.openqa.selenium.support.events.EventFiringWebDriver$1.invoke(EventFiringWebDriver.java:82)
	at com.sun.proxy.$Proxy5.onException(Unknown Source)
	at org.openqa.selenium.support.events.EventFiringWebDriver$2.invoke(EventFiringWebDriver.java:107)
	at com.sun.proxy.$Proxy6.getScreenshotAs(Unknown Source)
	at org.openqa.selenium.support.events.EventFiringWebDriver.getScreenshotAs(EventFiringWebDriver.java:288)
	at com.crm.utils.TestUtil.takeScreenshotAtEndOfTest(TestUtil.java:65)
	at com.crm.utils.WebEventListener.onException(WebEventListener.java:71)
	at org.openqa.selenium.support.events.EventFiringWebDriver$1.invoke(EventFiringWebDriver.java:82)
	at com.sun.proxy.$Proxy5.onException(Unknown Source)
	at org.openqa.selenium.support.events.EventFiringWebDriver$2.invoke(EventFiringWebDriver.java:107)
	at com.sun.proxy.$Proxy6.getScreenshotAs(Unknown Source)
	at org.openqa.selenium.support.events.EventFiringWebDriver.getScreenshotAs(EventFiringWebDriver.java:288)
	at com.crm.utils.TestUtil.takeScreenshotAtEndOfTest(TestUtil.java:65)
	at com.crm.utils.WebEventListener.onException(WebEventListener.java:71)
	at org.openqa.selenium.support.events.EventFiringWebDriver$1.invoke(EventFiringWebDriver.java:82)
	at com.sun.proxy.$Proxy5.onException(Unknown Source)
	at org.openqa.selenium.support.events.EventFiringWebDriver$2.invoke(EventFiringWebDriver.java:107)
	at com.sun.proxy.$Proxy6.getScreenshotAs(Unknown Source)
	at org.openqa.selenium.support.events.EventFiringWebDriver.getScreenshotAs(EventFiringWebDriver.java:288)
	at com.crm.utils.TestUtil.takeScreenshotAtEndOfTest(TestUtil.java:65)
	at com.crm.utils.WebEventListener.onException(WebEventListener.java:71)
	at org.openqa.selenium.support.events.EventFiringWebDriver$1.invoke(EventFiringWebDriver.java:82)
	at com.sun.proxy.$Proxy5.onException(Unknown Source)
	at org.openqa.selenium.support.events.EventFiringWebDriver$2.invoke(EventFiringWebDriver.java:107)
	at com.sun.proxy.$Proxy6.getScreenshotAs(Unknown Source)
	at org.openqa.selenium.support.events.EventFiringWebDriver.getScreenshotAs(EventFiringWebDriver.java:288)
	at com.crm.utils.TestUtil.takeScreenshotAtEndOfTest(TestUtil.java:65)
	at com.crm.utils.WebEventListener.onException(WebEventListener.java:71)
	at org.openqa.selenium.support.events.EventFiringWebDriver$1.invoke(EventFiringWebDriver.java:82)
	at com.sun.proxy.$Proxy5.onException(Unknown Source)
	at org.openqa.selenium.support.events.EventFiringWebDriver$2.invoke(EventFiringWebDriver.java:107)
	at com.sun.proxy.$Proxy6.getScreenshotAs(Unknown Source)
	at org.openqa.selenium.support.events.EventFiringWebDriver.getScreenshotAs(EventFiringWebDriver.java:288)
	at com.crm.utils.TestUtil.takeScreenshotAtEndOfTest(TestUtil.java:65)
	at com.crm.utils.WebEventListener.onException(WebEventListener.java:71)
	at org.openqa.selenium.support.events.EventFiringWebDriver$1.invoke(EventFiringWebDriver.java:82)
	at com.sun.proxy.$Proxy5.onException(Unknown Source)
	at org.openqa.selenium.support.events.EventFiringWebDriver$2.invoke(EventFiringWebDriver.java:107)
	at com.sun.proxy.$Proxy6.getScreenshotAs(Unknown Source)
	at org.openqa.selenium.support.events.EventFiringWebDriver.getScreenshotAs(EventFiringWebDriver.java:288)
	at com.crm.utils.TestUtil.takeScreenshotAtEndOfTest(TestUtil.java:65)
	at com.crm.utils.WebEventListener.onException(WebEventListener.java:71)
	at org.openqa.selenium.support.events.EventFiringWebDriver$1.invoke(EventFiringWebDriver.java:82)
	at com.sun.proxy.$Proxy5.onException(Unknown Source)
	at org.openqa.selenium.support.events.EventFiringWebDriver$2.invoke(EventFiringWebDriver.java:107)
	at com.sun.proxy.$Proxy6.getScreenshotAs(Unknown Source)
	at org.openqa.selenium.support.events.EventFiringWebDriver.getScreenshotAs(EventFiringWebDriver.java:288)
	at com.crm.utils.TestUtil.takeScreenshotAtEndOfTest(TestUtil.java:65)
	at com.crm.utils.WebEventListener.onException(WebEventListener.java:71)
	at org.openqa.selenium.support.events.EventFiringWebDriver$1.invoke(EventFiringWebDriver.java:82)
	at com.sun.proxy.$Proxy5.onException(Unknown Source)
	at org.openqa.selenium.support.events.EventFiringWebDriver$2.invoke(EventFiringWebDriver.java:107)
	at com.sun.proxy.$Proxy6.getScreenshotAs(Unknown Source)
	at org.openqa.selenium.support.events.EventFiringWebDriver.getScreenshotAs(EventFiringWebDriver.java:288)
	at com.crm.utils.TestUtil.takeScreenshotAtEndOfTest(TestUtil.java:65)
	at com.crm.utils.WebEventListener.onException(WebEventListener.java:71)
	at org.openqa.selenium.support.events.EventFiringWebDriver$1.invoke(EventFiringWebDriver.java:82)
	at com.sun.proxy.$Proxy5.onException(Unknown Source)
	at org.openqa.selenium.support.events.EventFiringWebDriver$2.invoke(EventFiringWebDriver.java:107)
	at com.sun.proxy.$Proxy6.getScreenshotAs(Unknown Source)
	at org.openqa.selenium.support.events.EventFiringWebDriver.getScreenshotAs(EventFiringWebDriver.java:288)
	at com.crm.utils.TestUtil.takeScreenshotAtEndOfTest(TestUtil.java:65)
	at com.crm.utils.WebEventListener.onException(WebEventListener.java:71)
	at org.openqa.selenium.support.events.EventFiringWebDriver$1.invoke(EventFiringWebDriver.java:82)
	at com.sun.proxy.$Proxy5.onException(Unknown Source)
	at org.openqa.selenium.support.events.EventFiringWebDriver$2.invoke(EventFiringWebDriver.java:107)
	at com.sun.proxy.$Proxy6.getScreenshotAs(Unknown Source)
	at org.openqa.selenium.support.events.EventFiringWebDriver.getScreenshotAs(EventFiringWebDriver.java:288)
	at com.crm.utils.TestUtil.takeScreenshotAtEndOfTest(TestUtil.java:65)
	at com.crm.utils.WebEventListener.onException(WebEventListener.java:71)
	at org.openqa.selenium.support.events.EventFiringWebDriver$1.invoke(EventFiringWebDriver.java:82)
	at com.sun.proxy.$Proxy5.onException(Unknown Source)
	at org.openqa.selenium.support.events.EventFiringWebDriver$2.invoke(EventFiringWebDriver.java:107)
	at com.sun.proxy.$Proxy6.getScreenshotAs(Unknown Source)
	at org.openqa.selenium.support.events.EventFiringWebDriver.getScreenshotAs(EventFiringWebDriver.java:288)
	at com.crm.utils.TestUtil.takeScreenshotAtEndOfTest(TestUtil.java:65)
	at com.crm.utils.WebEventListener.onException(WebEventListener.java:71)
	at org.openqa.selenium.support.events.EventFiringWebDriver$1.invoke(EventFiringWebDriver.java:82)
	at com.sun.proxy.$Proxy5.onException(Unknown Source)
	at org.openqa.selenium.support.events.EventFiringWebDriver$2.invoke(EventFiringWebDriver.java:107)
	at com.sun.proxy.$Proxy6.getScreenshotAs(Unknown Source)
	at org.openqa.selenium.support.events.EventFiringWebDriver.getScreenshotAs(EventFiringWebDriver.java:288)
	at com.crm.utils.TestUtil.takeScreenshotAtEndOfTest(TestUtil.java:65)
	at com.crm.utils.WebEventListener.onException(WebEventListener.java:71)
	at org.openqa.selenium.support.events.EventFiringWebDriver$1.invoke(EventFiringWebDriver.java:82)
	at com.sun.proxy.$Proxy5.onException(Unknown Source)
	at org.openqa.selenium.support.events.EventFiringWebDriver$2.invoke(EventFiringWebDriver.java:107)
	at com.sun.proxy.$Proxy6.getScreenshotAs(Unknown Source)
	at org.openqa.selenium.support.events.EventFiringWebDriver.getScreenshotAs(EventFiringWebDriver.java:288)
	at com.crm.utils.TestUtil.takeScreenshotAtEndOfTest(TestUtil.java:65)
	at com.crm.utils.WebEventListener.onException(WebEventListener.java:71)
	at org.openqa.selenium.support.events.EventFiringWebDriver$1.invoke(EventFiringWebDriver.java:82)
	at com.sun.proxy.$Proxy5.onException(Unknown Source)
	at org.openqa.selenium.support.events.EventFiringWebDriver$2.invoke(EventFiringWebDriver.java:107)
	at com.sun.proxy.$Proxy6.getScreenshotAs(Unknown Source)
	at org.openqa.selenium.support.events.EventFiringWebDriver.getScreenshotAs(EventFiringWebDriver.java:288)
	at com.crm.utils.TestUtil.takeScreenshotAtEndOfTest(TestUtil.java:65)
	at com.crm.utils.WebEventListener.onException(WebEventListener.java:71)
	at org.openqa.selenium.support.events.EventFiringWebDriver$1.invoke(EventFiringWebDriver.java:82)
	at com.sun.proxy.$Proxy5.onException(Unknown Source)
	at org.openqa.selenium.support.events.EventFiringWebDriver$2.invoke(EventFiringWebDriver.java:107)
	at com.sun.proxy.$Proxy6.getScreenshotAs(Unknown Source)
	at org.openqa.selenium.support.events.EventFiringWebDriver.getScreenshotAs(EventFiringWebDriver.java:288)
	at com.crm.utils.TestUtil.takeScreenshotAtEndOfTest(TestUtil.java:65)
	at com.crm.utils.WebEventListener.onException(WebEventListener.java:71)
	at org.openqa.selenium.support.events.EventFiringWebDriver$1.invoke(EventFiringWebDriver.java:82)
	at com.sun.proxy.$Proxy5.onException(Unknown Source)
	at org.openqa.selenium.support.events.EventFiringWebDriver$2.invoke(EventFiringWebDriver.java:107)
	at com.sun.proxy.$Proxy6.getScreenshotAs(Unknown Source)
	at org.openqa.selenium.support.events.EventFiringWebDriver.getScreenshotAs(EventFiringWebDriver.java:288)
	at com.crm.utils.TestUtil.takeScreenshotAtEndOfTest(TestUtil.java:65)
	at com.crm.utils.WebEventListener.onException(WebEventListener.java:71)
	at org.openqa.selenium.support.events.EventFiringWebDriver$1.invoke(EventFiringWebDriver.java:82)
	at com.sun.proxy.$Proxy5.onException(Unknown Source)
	at org.openqa.selenium.support.events.EventFiringWebDriver$2.invoke(EventFiringWebDriver.java:107)
	at com.sun.proxy.$Proxy6.getScreenshotAs(Unknown Source)
	at org.openqa.selenium.support.events.EventFiringWebDriver.getScreenshotAs(EventFiringWebDriver.java:288)
	at com.crm.utils.TestUtil.takeScreenshotAtEndOfTest(TestUtil.java:65)
	at com.crm.utils.WebEventListener.onException(WebEventListener.java:71)
	at org.openqa.selenium.support.events.EventFiringWebDriver$1.invoke(EventFiringWebDriver.java:82)
	at com.sun.proxy.$Proxy5.onException(Unknown Source)
	at org.openqa.selenium.support.events.EventFiringWebDriver$2.invoke(EventFiringWebDriver.java:107)
	at com.sun.proxy.$Proxy6.getScreenshotAs(Unknown Source)
	at org.openqa.selenium.support.events.EventFiringWebDriver.getScreenshotAs(EventFiringWebDriver.java:288)
	at com.crm.utils.TestUtil.takeScreenshotAtEndOfTest(TestUtil.java:65)
	at com.crm.utils.WebEventListener.onException(WebEventListener.java:71)
	at org.openqa.selenium.support.events.EventFiringWebDriver$1.invoke(EventFiringWebDriver.java:82)
	at com.sun.proxy.$Proxy5.onException(Unknown Source)
	at org.openqa.selenium.support.events.EventFiringWebDriver$2.invoke(EventFiringWebDriver.java:107)
	at com.sun.proxy.$Proxy6.getScreenshotAs(Unknown Source)
	at org.openqa.selenium.support.events.EventFiringWebDriver.getScreenshotAs(EventFiringWebDriver.java:288)
	at com.crm.utils.TestUtil.takeScreenshotAtEndOfTest(TestUtil.java:65)
	at com.crm.utils.WebEventListener.onException(WebEventListener.java:71)
	at org.openqa.selenium.support.events.EventFiringWebDriver$1.invoke(EventFiringWebDriver.java:82)
	at com.sun.proxy.$Proxy5.onException(Unknown Source)
	at org.openqa.selenium.support.events.EventFiringWebDriver$2.invoke(EventFiringWebDriver.java:107)
	at com.sun.proxy.$Proxy6.getScreenshotAs(Unknown Source)
	at org.openqa.selenium.support.events.EventFiringWebDriver.getScreenshotAs(EventFiringWebDriver.java:288)
	at com.crm.utils.TestUtil.takeScreenshotAtEndOfTest(TestUtil.java:65)
	at com.crm.utils.WebEventListener.onException(WebEventListener.java:71)
	at org.openqa.selenium.support.events.EventFiringWebDriver$1.invoke(EventFiringWebDriver.java:82)
	at com.sun.proxy.$Proxy5.onException(Unknown Source)
	at org.openqa.selenium.support.events.EventFiringWebDriver$2.invoke(EventFiringWebDriver.java:107)
	at com.sun.proxy.$Proxy6.getScreenshotAs(Unknown Source)
	at org.openqa.selenium.support.events.EventFiringWebDriver.getScreenshotAs(EventFiringWebDriver.java:288)
	at com.crm.utils.TestUtil.takeScreenshotAtEndOfTest(TestUtil.java:65)
	at com.crm.utils.WebEventListener.onException(WebEventListener.java:71)
	at org.openqa.selenium.support.events.EventFiringWebDriver$1.invoke(EventFiringWebDriver.java:82)
	at com.sun.proxy.$Proxy5.onException(Unknown Source)
	at org.openqa.selenium.support.events.EventFiringWebDriver$2.invoke(EventFiringWebDriver.java:107)
	at com.sun.proxy.$Proxy6.getScreenshotAs(Unknown Source)
	at org.openqa.selenium.support.events.EventFiringWebDriver.getScreenshotAs(EventFiringWebDriver.java:288)
	at com.crm.utils.TestUtil.takeScreenshotAtEndOfTest(TestUtil.java:65)
	at com.crm.utils.WebEventListener.onException(WebEventListener.java:71)
	at org.openqa.selenium.support.events.EventFiringWebDriver$1.invoke(EventFiringWebDriver.java:82)
	at com.sun.proxy.$Proxy5.onException(Unknown Source)
	at org.openqa.selenium.support.events.EventFiringWebDriver$2.invoke(EventFiringWebDriver.java:107)
	at com.sun.proxy.$Proxy6.getScreenshotAs(Unknown Source)
	at org.openqa.selenium.support.events.EventFiringWebDriver.getScreenshotAs(EventFiringWebDriver.java:288)
	at com.crm.utils.TestUtil.takeScreenshotAtEndOfTest(TestUtil.java:65)
	at com.crm.utils.WebEventListener.onException(WebEventListener.java:71)
	at org.openqa.selenium.support.events.EventFiringWebDriver$1.invoke(EventFiringWebDriver.java:82)
	at com.sun.proxy.$Proxy5.onException(Unknown Source)
	at org.openqa.selenium.support.events.EventFiringWebDriver$2.invoke(EventFiringWebDriver.java:107)
	at com.sun.proxy.$Proxy6.getScreenshotAs(Unknown Source)
	at org.openqa.selenium.support.events.EventFiringWebDriver.getScreenshotAs(EventFiringWebDriver.java:288)
	at com.crm.utils.TestUtil.takeScreenshotAtEndOfTest(TestUtil.java:65)
	at com.crm.utils.WebEventListener.onException(WebEventListener.java:71)
	at org.openqa.selenium.support.events.EventFiringWebDriver$1.invoke(EventFiringWebDriver.java:82)
	at com.sun.proxy.$Proxy5.onException(Unknown Source)
	at org.openqa.selenium.support.events.EventFiringWebDriver$2.invoke(EventFiringWebDriver.java:107)
	at com.sun.proxy.$Proxy6.getScreenshotAs(Unknown Source)
	at org.openqa.selenium.support.events.EventFiringWebDriver.getScreenshotAs(EventFiringWebDriver.java:288)
	at com.crm.utils.TestUtil.takeScreenshotAtEndOfTest(TestUtil.java:65)
	at com.crm.utils.WebEventListener.onException(WebEventListener.java:71)
	at org.openqa.selenium.support.events.EventFiringWebDriver$1.invoke(EventFiringWebDriver.java:82)
	at com.sun.proxy.$Proxy5.onException(Unknown Source)
	at org.openqa.selenium.support.events.EventFiringWebDriver$2.invoke(EventFiringWebDriver.java:107)
	at com.sun.proxy.$Proxy6.getScreenshotAs(Unknown Source)
	at org.openqa.selenium.support.events.EventFiringWebDriver.getScreenshotAs(EventFiringWebDriver.java:288)
	at com.crm.utils.TestUtil.takeScreenshotAtEndOfTest(TestUtil.java:65)
	at com.crm.utils.WebEventListener.onException(WebEventListener.java:71)
	at org.openqa.selenium.support.events.EventFiringWebDriver$1.invoke(EventFiringWebDriver.java:82)
	at com.sun.proxy.$Proxy5.onException(Unknown Source)
	at org.openqa.selenium.support.events.EventFiringWebDriver$2.invoke(EventFiringWebDriver.java:107)
	at com.sun.proxy.$Proxy6.getScreenshotAs(Unknown Source)
	at org.openqa.selenium.support.events.EventFiringWebDriver.getScreenshotAs(EventFiringWebDriver.java:288)
	at com.crm.utils.TestUtil.takeScreenshotAtEndOfTest(TestUtil.java:65)
	at com.crm.utils.WebEventListener.onException(WebEventListener.java:71)
	at org.openqa.selenium.support.events.EventFiringWebDriver$1.invoke(EventFiringWebDriver.java:82)
	at com.sun.proxy.$Proxy5.onException(Unknown Source)
	at org.openqa.selenium.support.events.EventFiringWebDriver$2.invoke(EventFiringWebDriver.java:107)
	at com.sun.proxy.$Proxy6.getScreenshotAs(Unknown Source)
	at org.openqa.selenium.support.events.EventFiringWebDriver.getScreenshotAs(EventFiringWebDriver.java:288)
	at com.crm.utils.TestUtil.takeScreenshotAtEndOfTest(TestUtil.java:65)
	at com.crm.utils.WebEventListener.onException(WebEventListener.java:71)
	at org.openqa.selenium.support.events.EventFiringWebDriver$1.invoke(EventFiringWebDriver.java:82)
	at com.sun.proxy.$Proxy5.onException(Unknown Source)
	at org.openqa.selenium.support.events.EventFiringWebDriver$2.invoke(EventFiringWebDriver.java:107)
	at com.sun.proxy.$Proxy6.getScreenshotAs(Unknown Source)
	at org.openqa.selenium.support.events.EventFiringWebDriver.getScreenshotAs(EventFiringWebDriver.java:288)
	at com.crm.utils.TestUtil.takeScreenshotAtEndOfTest(TestUtil.java:65)
	at com.crm.utils.WebEventListener.onException(WebEventListener.java:71)
	at org.openqa.selenium.support.events.EventFiringWebDriver$1.invoke(EventFiringWebDriver.java:82)
	at com.sun.proxy.$Proxy5.onException(Unknown Source)
	at org.openqa.selenium.support.events.EventFiringWebDriver$2.invoke(EventFiringWebDriver.java:107)
	at com.sun.proxy.$Proxy6.getScreenshotAs(Unknown Source)
	at org.openqa.selenium.support.events.EventFiringWebDriver.getScreenshotAs(EventFiringWebDriver.java:288)
	at com.crm.utils.TestUtil.takeScreenshotAtEndOfTest(TestUtil.java:65)
	at com.crm.utils.WebEventListener.onException(WebEventListener.java:71)
	at org.openqa.selenium.support.events.EventFiringWebDriver$1.invoke(EventFiringWebDriver.java:82)
	at com.sun.proxy.$Proxy5.onException(Unknown Source)
	at org.openqa.selenium.support.events.EventFiringWebDriver$2.invoke(EventFiringWebDriver.java:107)
	at com.sun.proxy.$Proxy6.getScreenshotAs(Unknown Source)
	at org.openqa.selenium.support.events.EventFiringWebDriver.getScreenshotAs(EventFiringWebDriver.java:288)
	at com.crm.utils.TestUtil.takeScreenshotAtEndOfTest(TestUtil.java:65)
	at com.crm.utils.WebEventListener.onException(WebEventListener.java:71)
	at org.openqa.selenium.support.events.EventFiringWebDriver$1.invoke(EventFiringWebDriver.java:82)
	at com.sun.proxy.$Proxy5.onException(Unknown Source)
	at org.openqa.selenium.support.events.EventFiringWebDriver$2.invoke(EventFiringWebDriver.java:107)
	at com.sun.proxy.$Proxy6.getScreenshotAs(Unknown Source)
	at org.openqa.selenium.support.events.EventFiringWebDriver.getScreenshotAs(EventFiringWebDriver.java:288)
	at com.crm.utils.TestUtil.takeScreenshotAtEndOfTest(TestUtil.java:65)
	at com.crm.utils.WebEventListener.onException(WebEventListener.java:71)
	at org.openqa.selenium.support.events.EventFiringWebDriver$1.invoke(EventFiringWebDriver.java:82)
	at com.sun.proxy.$Proxy5.onException(Unknown Source)
	at org.openqa.selenium.support.events.EventFiringWebDriver$2.invoke(EventFiringWebDriver.java:107)
	at com.sun.proxy.$Proxy6.getScreenshotAs(Unknown Source)
	at org.openqa.selenium.support.events.EventFiringWebDriver.getScreenshotAs(EventFiringWebDriver.java:288)
	at com.crm.utils.TestUtil.takeScreenshotAtEndOfTest(TestUtil.java:65)
	at com.crm.utils.WebEventListener.onException(WebEventListener.java:71)
	at org.openqa.selenium.support.events.EventFiringWebDriver$1.invoke(EventFiringWebDriver.java:82)
	at com.sun.proxy.$Proxy5.onException(Unknown Source)
	at org.openqa.selenium.support.events.EventFiringWebDriver$2.invoke(EventFiringWebDriver.java:107)
	at com.sun.proxy.$Proxy6.getScreenshotAs(Unknown Source)
	at org.openqa.selenium.support.events.EventFiringWebDriver.getScreenshotAs(EventFiringWebDriver.java:288)
	at com.crm.utils.TestUtil.takeScreenshotAtEndOfTest(TestUtil.java:65)
	at com.crm.utils.WebEventListener.onException(WebEventListener.java:71)
	at org.openqa.selenium.support.events.EventFiringWebDriver$1.invoke(EventFiringWebDriver.java:82)
	at com.sun.proxy.$Proxy5.onException(Unknown Source)
	at org.openqa.selenium.support.events.EventFiringWebDriver$2.invoke(EventFiringWebDriver.java:107)
	at com.sun.proxy.$Proxy6.getScreenshotAs(Unknown Source)
	at org.openqa.selenium.support.events.EventFiringWebDriver.getScreenshotAs(EventFiringWebDriver.java:288)
	at com.crm.utils.TestUtil.takeScreenshotAtEndOfTest(TestUtil.java:65)
	at com.crm.utils.WebEventListener.onException(WebEventListener.java:71)
	at org.openqa.selenium.support.events.EventFiringWebDriver$1.invoke(EventFiringWebDriver.java:82)
	at com.sun.proxy.$Proxy5.onException(Unknown Source)
	at org.openqa.selenium.support.events.EventFiringWebDriver$2.invoke(EventFiringWebDriver.java:107)
	at com.sun.proxy.$Proxy6.getScreenshotAs(Unknown Source)
	at org.openqa.selenium.support.events.EventFiringWebDriver.getScreenshotAs(EventFiringWebDriver.java:288)
	at com.crm.utils.TestUtil.takeScreenshotAtEndOfTest(TestUtil.java:65)
	at com.crm.utils.WebEventListener.onException(WebEventListener.java:71)
	at org.openqa.selenium.support.events.EventFiringWebDriver$1.invoke(EventFiringWebDriver.java:82)
	at com.sun.proxy.$Proxy5.onException(Unknown Source)
	at org.openqa.selenium.support.events.EventFiringWebDriver$2.invoke(EventFiringWebDriver.java:107)
	at com.sun.proxy.$Proxy6.getScreenshotAs(Unknown Source)
	at org.openqa.selenium.support.events.EventFiringWebDriver.getScreenshotAs(EventFiringWebDriver.java:288)
	at com.crm.utils.TestUtil.takeScreenshotAtEndOfTest(TestUtil.java:65)
	at com.crm.utils.WebEventListener.onException(WebEventListener.java:71)
	at org.openqa.selenium.support.events.EventFiringWebDriver$1.invoke(EventFiringWebDriver.java:82)
	at com.sun.proxy.$Proxy5.onException(Unknown Source)
	at org.openqa.selenium.support.events.EventFiringWebDriver$2.invoke(EventFiringWebDriver.java:107)
	at com.sun.proxy.$Proxy6.getScreenshotAs(Unknown Source)
	at org.openqa.selenium.support.events.EventFiringWebDriver.getScreenshotAs(EventFiringWebDriver.java:288)
	at com.crm.utils.TestUtil.takeScreenshotAtEndOfTest(TestUtil.java:65)
	at com.crm.utils.WebEventListener.onException(WebEventListener.java:71)
	at org.openqa.selenium.support.events.EventFiringWebDriver$1.invoke(EventFiringWebDriver.java:82)
	at com.sun.proxy.$Proxy5.onException(Unknown Source)
	at org.openqa.selenium.support.events.EventFiringWebDriver$2.invoke(EventFiringWebDriver.java:107)
	at com.sun.proxy.$Proxy6.getScreenshotAs(Unknown Source)
	at org.openqa.selenium.support.events.EventFiringWebDriver.getScreenshotAs(EventFiringWebDriver.java:288)
	at com.crm.utils.TestUtil.takeScreenshotAtEndOfTest(TestUtil.java:65)
	at com.crm.utils.WebEventListener.onException(WebEventListener.java:71)
	at org.openqa.selenium.support.events.EventFiringWebDriver$1.invoke(EventFiringWebDriver.java:82)
	at com.sun.proxy.$Proxy5.onException(Unknown Source)
	at org.openqa.selenium.support.events.EventFiringWebDriver$2.invoke(EventFiringWebDriver.java:107)
	at com.sun.proxy.$Proxy6.getScreenshotAs(Unknown Source)
	at org.openqa.selenium.support.events.EventFiringWebDriver.getScreenshotAs(EventFiringWebDriver.java:288)
	at com.crm.utils.TestUtil.takeScreenshotAtEndOfTest(TestUtil.java:65)
	at com.crm.utils.WebEventListener.onException(WebEventListener.java:71)
	at org.openqa.selenium.support.events.EventFiringWebDriver$1.invoke(EventFiringWebDriver.java:82)
	at com.sun.proxy.$Proxy5.onException(Unknown Source)
	at org.openqa.selenium.support.events.EventFiringWebDriver$2.invoke(EventFiringWebDriver.java:107)
	at com.sun.proxy.$Proxy6.getScreenshotAs(Unknown Source)
	at org.openqa.selenium.support.events.EventFiringWebDriver.getScreenshotAs(EventFiringWebDriver.java:288)
	at com.crm.utils.TestUtil.takeScreenshotAtEndOfTest(TestUtil.java:65)
	at com.crm.utils.WebEventListener.onException(WebEventListener.java:71)
	at org.openqa.selenium.support.events.EventFiringWebDriver$1.invoke(EventFiringWebDriver.java:82)
	at com.sun.proxy.$Proxy5.onException(Unknown Source)
	at org.openqa.selenium.support.events.EventFiringWebDriver$2.invoke(EventFiringWebDriver.java:107)
	at com.sun.proxy.$Proxy6.getScreenshotAs(Unknown Source)
	at org.openqa.selenium.support.events.EventFiringWebDriver.getScreenshotAs(EventFiringWebDriver.java:288)
	at com.crm.utils.TestUtil.takeScreenshotAtEndOfTest(TestUtil.java:65)
	at com.crm.utils.WebEventListener.onException(WebEventListener.java:71)
	at org.openqa.selenium.support.events.EventFiringWebDriver$1.invoke(EventFiringWebDriver.java:82)
	at com.sun.proxy.$Proxy5.onException(Unknown Source)
	at org.openqa.selenium.support.events.EventFiringWebDriver$2.invoke(EventFiringWebDriver.java:107)
	at com.sun.proxy.$Proxy6.getScreenshotAs(Unknown Source)
	at org.openqa.selenium.support.events.EventFiringWebDriver.getScreenshotAs(EventFiringWebDriver.java:288)
	at com.crm.utils.TestUtil.takeScreenshotAtEndOfTest(TestUtil.java:65)
	at com.crm.utils.WebEventListener.onException(WebEventListener.java:71)
	at org.openqa.selenium.support.events.EventFiringWebDriver$1.invoke(EventFiringWebDriver.java:82)
	at com.sun.proxy.$Proxy5.onException(Unknown Source)
	at org.openqa.selenium.support.events.EventFiringWebDriver$2.invoke(EventFiringWebDriver.java:107)
	at com.sun.proxy.$Proxy6.getScreenshotAs(Unknown Source)
	at org.openqa.selenium.support.events.EventFiringWebDriver.getScreenshotAs(EventFiringWebDriver.java:288)
	at com.crm.utils.TestUtil.takeScreenshotAtEndOfTest(TestUtil.java:65)
	at com.crm.utils.WebEventListener.onException(WebEventListener.java:71)
	at org.openqa.selenium.support.events.EventFiringWebDriver$1.invoke(EventFiringWebDriver.java:82)
	at com.sun.proxy.$Proxy5.onException(Unknown Source)
	at org.openqa.selenium.support.events.EventFiringWebDriver$2.invoke(EventFiringWebDriver.java:107)
	at com.sun.proxy.$Proxy6.getScreenshotAs(Unknown Source)
	at org.openqa.selenium.support.events.EventFiringWebDriver.getScreenshotAs(EventFiringWebDriver.java:288)
	at com.crm.utils.TestUtil.takeScreenshotAtEndOfTest(TestUtil.java:65)
	at com.crm.utils.WebEventListener.onException(WebEventListener.java:71)
	at org.openqa.selenium.support.events.EventFiringWebDriver$1.invoke(EventFiringWebDriver.java:82)
	at com.sun.proxy.$Proxy5.onException(Unknown Source)
	at org.openqa.selenium.support.events.EventFiringWebDriver$2.invoke(EventFiringWebDriver.java:107)
	at com.sun.proxy.$Proxy6.getScreenshotAs(Unknown Source)
	at org.openqa.selenium.support.events.EventFiringWebDriver.getScreenshotAs(EventFiringWebDriver.java:288)
	at com.crm.utils.TestUtil.takeScreenshotAtEndOfTest(TestUtil.java:65)
	at com.crm.utils.WebEventListener.onException(WebEventListener.java:71)
	at org.openqa.selenium.support.events.EventFiringWebDriver$1.invoke(EventFiringWebDriver.java:82)
	at com.sun.proxy.$Proxy5.onException(Unknown Source)
	at org.openqa.selenium.support.events.EventFiringWebDriver$2.invoke(EventFiringWebDriver.java:107)
	at com.sun.proxy.$Proxy6.getScreenshotAs(Unknown Source)
	at org.openqa.selenium.support.events.EventFiringWebDriver.getScreenshotAs(EventFiringWebDriver.java:288)
	at com.crm.utils.TestUtil.takeScreenshotAtEndOfTest(TestUtil.java:65)
	at com.crm.utils.WebEventListener.onException(WebEventListener.java:71)
	at org.openqa.selenium.support.events.EventFiringWebDriver$1.invoke(EventFiringWebDriver.java:82)
	at com.sun.proxy.$Proxy5.onException(Unknown Source)
	at org.openqa.selenium.support.events.EventFiringWebDriver$2.invoke(EventFiringWebDriver.java:107)
	at com.sun.proxy.$Proxy6.getScreenshotAs(Unknown Source)
	at org.openqa.selenium.support.events.EventFiringWebDriver.getScreenshotAs(EventFiringWebDriver.java:288)
	at com.crm.utils.TestUtil.takeScreenshotAtEndOfTest(TestUtil.java:65)
	at com.crm.utils.WebEventListener.onException(WebEventListener.java:71)
	at org.openqa.selenium.support.events.EventFiringWebDriver$1.invoke(EventFiringWebDriver.java:82)
	at com.sun.proxy.$Proxy5.onException(Unknown Source)
	at org.openqa.selenium.support.events.EventFiringWebDriver$2.invoke(EventFiringWebDriver.java:107)
	at com.sun.proxy.$Proxy6.getScreenshotAs(Unknown Source)
	at org.openqa.selenium.support.events.EventFiringWebDriver.getScreenshotAs(EventFiringWebDriver.java:288)
	at com.crm.utils.TestUtil.takeScreenshotAtEndOfTest(TestUtil.java:65)
	at com.crm.utils.WebEventListener.onException(WebEventListener.java:71)
	at org.openqa.selenium.support.events.EventFiringWebDriver$1.invoke(EventFiringWebDriver.java:82)
	at com.sun.proxy.$Proxy5.onException(Unknown Source)
	at org.openqa.selenium.support.events.EventFiringWebDriver$2.invoke(EventFiringWebDriver.java:107)
	at com.sun.proxy.$Proxy6.getScreenshotAs(Unknown Source)
	at org.openqa.selenium.support.events.EventFiringWebDriver.getScreenshotAs(EventFiringWebDriver.java:288)
	at com.crm.utils.TestUtil.takeScreenshotAtEndOfTest(TestUtil.java:65)
	at com.crm.utils.WebEventListener.onException(WebEventListener.java:71)
	at org.openqa.selenium.support.events.EventFiringWebDriver$1.invoke(EventFiringWebDriver.java:82)
	at com.sun.proxy.$Proxy5.onException(Unknown Source)
	at org.openqa.selenium.support.events.EventFiringWebDriver$2.invoke(EventFiringWebDriver.java:107)
	at com.sun.proxy.$Proxy6.getScreenshotAs(Unknown Source)
	at org.openqa.selenium.support.events.EventFiringWebDriver.getScreenshotAs(EventFiringWebDriver.java:288)
	at com.crm.utils.TestUtil.takeScreenshotAtEndOfTest(TestUtil.java:65)
	at com.crm.utils.WebEventListener.onException(WebEventListener.java:71)
	at org.openqa.selenium.support.events.EventFiringWebDriver$1.invoke(EventFiringWebDriver.java:82)
	at com.sun.proxy.$Proxy5.onException(Unknown Source)
	at org.openqa.selenium.support.events.EventFiringWebDriver$2.invoke(EventFiringWebDriver.java:107)
	at com.sun.proxy.$Proxy6.getScreenshotAs(Unknown Source)
	at org.openqa.selenium.support.events.EventFiringWebDriver.getScreenshotAs(EventFiringWebDriver.java:288)
	at com.crm.utils.TestUtil.takeScreenshotAtEndOfTest(TestUtil.java:65)
	at com.crm.utils.WebEventListener.onException(WebEventListener.java:71)
	at org.openqa.selenium.support.events.EventFiringWebDriver$1.invoke(EventFiringWebDriver.java:82)
	at com.sun.proxy.$Proxy5.onException(Unknown Source)
	at org.openqa.selenium.support.events.EventFiringWebDriver$2.invoke(EventFiringWebDriver.java:107)
	at com.sun.proxy.$Proxy6.getScreenshotAs(Unknown Source)
	at org.openqa.selenium.support.events.EventFiringWebDriver.getScreenshotAs(EventFiringWebDriver.java:288)
	at com.crm.utils.TestUtil.takeScreenshotAtEndOfTest(TestUtil.java:65)
	at com.crm.utils.WebEventListener.onException(WebEventListener.java:71)
	at org.openqa.selenium.support.events.EventFiringWebDriver$1.invoke(EventFiringWebDriver.java:82)
	at com.sun.proxy.$Proxy5.onException(Unknown Source)
	at org.openqa.selenium.support.events.EventFiringWebDriver$2.invoke(EventFiringWebDriver.java:107)
	at com.sun.proxy.$Proxy6.getScreenshotAs(Unknown Source)
	at org.openqa.selenium.support.events.EventFiringWebDriver.getScreenshotAs(EventFiringWebDriver.java:288)
	at com.crm.utils.TestUtil.takeScreenshotAtEndOfTest(TestUtil.java:65)
	at com.crm.utils.WebEventListener.onException(WebEventListener.java:71)
	at org.openqa.selenium.support.events.EventFiringWebDriver$1.invoke(EventFiringWebDriver.java:82)
	at com.sun.proxy.$Proxy5.onException(Unknown Source)
	at org.openqa.selenium.support.events.EventFiringWebDriver$2.invoke(EventFiringWebDriver.java:107)
	at com.sun.proxy.$Proxy6.getScreenshotAs(Unknown Source)
	at org.openqa.selenium.support.events.EventFiringWebDriver.getScreenshotAs(EventFiringWebDriver.java:288)
	at com.crm.utils.TestUtil.takeScreenshotAtEndOfTest(TestUtil.java:65)
	at com.crm.utils.WebEventListener.onException(WebEventListener.java:71)
	at org.openqa.selenium.support.events.EventFiringWebDriver$1.invoke(EventFiringWebDriver.java:82)
	at com.sun.proxy.$Proxy5.onException(Unknown Source)
	at org.openqa.selenium.support.events.EventFiringWebDriver$2.invoke(EventFiringWebDriver.java:107)
	at com.sun.proxy.$Proxy6.getScreenshotAs(Unknown Source)
	at org.openqa.selenium.support.events.EventFiringWebDriver.getScreenshotAs(EventFiringWebDriver.java:288)
	at com.crm.utils.TestUtil.takeScreenshotAtEndOfTest(TestUtil.java:65)
	at com.crm.utils.WebEventListener.onException(WebEventListener.java:71)
	at org.openqa.selenium.support.events.EventFiringWebDriver$1.invoke(EventFiringWebDriver.java:82)
	at com.sun.proxy.$Proxy5.onException(Unknown Source)
	at org.openqa.selenium.support.events.EventFiringWebDriver$2.invoke(EventFiringWebDriver.java:107)
	at com.sun.proxy.$Proxy6.getScreenshotAs(Unknown Source)
	at org.openqa.selenium.support.events.EventFiringWebDriver.getScreenshotAs(EventFiringWebDriver.java:288)
	at com.crm.utils.TestUtil.takeScreenshotAtEndOfTest(TestUtil.java:65)
	at com.crm.utils.WebEventListener.onException(WebEventListener.java:71)
	at org.openqa.selenium.support.events.EventFiringWebDriver$1.invoke(EventFiringWebDriver.java:82)
	at com.sun.proxy.$Proxy5.onException(Unknown Source)
	at org.openqa.selenium.support.events.EventFiringWebDriver$2.invoke(EventFiringWebDriver.java:107)
	at com.sun.proxy.$Proxy6.getScreenshotAs(Unknown Source)
	at org.openqa.selenium.support.events.EventFiringWebDriver.getScreenshotAs(EventFiringWebDriver.java:288)
	at com.crm.utils.TestUtil.takeScreenshotAtEndOfTest(TestUtil.java:65)
	at com.crm.utils.WebEventListener.onException(WebEventListener.java:71)
	at org.openqa.selenium.support.events.EventFiringWebDriver$1.invoke(EventFiringWebDriver.java:82)
	at com.sun.proxy.$Proxy5.onException(Unknown Source)
	at org.openqa.selenium.support.events.EventFiringWebDriver$2.invoke(EventFiringWebDriver.java:107)
	at com.sun.proxy.$Proxy6.getScreenshotAs(Unknown Source)
	at org.openqa.selenium.support.events.EventFiringWebDriver.getScreenshotAs(EventFiringWebDriver.java:288)
	at com.crm.utils.TestUtil.takeScreenshotAtEndOfTest(TestUtil.java:65)
	at com.crm.utils.WebEventListener.onException(WebEventListener.java:71)
	at org.openqa.selenium.support.events.EventFiringWebDriver$1.invoke(EventFiringWebDriver.java:82)
	at com.sun.proxy.$Proxy5.onException(Unknown Source)
	at org.openqa.selenium.support.events.EventFiringWebDriver$2.invoke(EventFiringWebDriver.java:107)
	at com.sun.proxy.$Proxy6.getScreenshotAs(Unknown Source)
	at org.openqa.selenium.support.events.EventFiringWebDriver.getScreenshotAs(EventFiringWebDriver.java:288)
	at com.crm.utils.TestUtil.takeScreenshotAtEndOfTest(TestUtil.java:65)
	at com.crm.utils.WebEventListener.onException(WebEventListener.java:71)
	at org.openqa.selenium.support.events.EventFiringWebDriver$1.invoke(EventFiringWebDriver.java:82)
	at com.sun.proxy.$Proxy5.onException(Unknown Source)
	at org.openqa.selenium.support.events.EventFiringWebDriver$2.invoke(EventFiringWebDriver.java:107)
	at com.sun.proxy.$Proxy6.getScreenshotAs(Unknown Source)
	at org.openqa.selenium.support.events.EventFiringWebDriver.getScreenshotAs(EventFiringWebDriver.java:288)
	at com.crm.utils.TestUtil.takeScreenshotAtEndOfTest(TestUtil.java:65)
	at com.crm.utils.WebEventListener.onException(WebEventListener.java:71)
	at org.openqa.selenium.support.events.EventFiringWebDriver$1.invoke(EventFiringWebDriver.java:82)
	at com.sun.proxy.$Proxy5.onException(Unknown Source)
	at org.openqa.selenium.support.events.EventFiringWebDriver$2.invoke(EventFiringWebDriver.java:107)
	at com.sun.proxy.$Proxy6.getScreenshotAs(Unknown Source)
	at org.openqa.selenium.support.events.EventFiringWebDriver.getScreenshotAs(EventFiringWebDriver.java:288)
	at com.crm.utils.TestUtil.takeScreenshotAtEndOfTest(TestUtil.java:65)
	at com.crm.utils.WebEventListener.onException(WebEventListener.java:71)
	at org.openqa.selenium.support.events.EventFiringWebDriver$1.invoke(EventFiringWebDriver.java:82)
	at com.sun.proxy.$Proxy5.onException(Unknown Source)
	at org.openqa.selenium.support.events.EventFiringWebDriver$2.invoke(EventFiringWebDriver.java:107)
	at com.sun.proxy.$Proxy6.getScreenshotAs(Unknown Source)
	at org.openqa.selenium.support.events.EventFiringWebDriver.getScreenshotAs(EventFiringWebDriver.java:288)
	at com.crm.utils.TestUtil.takeScreenshotAtEndOfTest(TestUtil.java:65)
	at com.crm.utils.WebEventListener.onException(WebEventListener.java:71)
	at org.openqa.selenium.support.events.EventFiringWebDriver$1.invoke(EventFiringWebDriver.java:82)
	at com.sun.proxy.$Proxy5.onException(Unknown Source)
	at org.openqa.selenium.support.events.EventFiringWebDriver$2.invoke(EventFiringWebDriver.java:107)
	at com.sun.proxy.$Proxy6.getScreenshotAs(Unknown Source)
	at org.openqa.selenium.support.events.EventFiringWebDriver.getScreenshotAs(EventFiringWebDriver.java:288)
	at com.crm.utils.TestUtil.takeScreenshotAtEndOfTest(TestUtil.java:65)
	at com.crm.utils.WebEventListener.onException(WebEventListener.java:71)
	at org.openqa.selenium.support.events.EventFiringWebDriver$1.invoke(EventFiringWebDriver.java:82)
	at com.sun.proxy.$Proxy5.onException(Unknown Source)
	at org.openqa.selenium.support.events.EventFiringWebDriver$2.invoke(EventFiringWebDriver.java:107)
	at com.sun.proxy.$Proxy6.getScreenshotAs(Unknown Source)
	at org.openqa.selenium.support.events.EventFiringWebDriver.getScreenshotAs(EventFiringWebDriver.java:288)
	at com.crm.utils.TestUtil.takeScreenshotAtEndOfTest(TestUtil.java:65)
	at com.crm.utils.WebEventListener.onException(WebEventListener.java:71)
	at org.openqa.selenium.support.events.EventFiringWebDriver$1.invoke(EventFiringWebDriver.java:82)
	at com.sun.proxy.$Proxy5.onException(Unknown Source)
	at org.openqa.selenium.support.events.EventFiringWebDriver$2.invoke(EventFiringWebDriver.java:107)
	at com.sun.proxy.$Proxy6.getScreenshotAs(Unknown Source)
	at org.openqa.selenium.support.events.EventFiringWebDriver.getScreenshotAs(EventFiringWebDriver.java:288)
	at com.crm.utils.TestUtil.takeScreenshotAtEndOfTest(TestUtil.java:65)
	at com.crm.utils.WebEventListener.onException(WebEventListener.java:71)
	at org.openqa.selenium.support.events.EventFiringWebDriver$1.invoke(EventFiringWebDriver.java:82)
	at com.sun.proxy.$Proxy5.onException(Unknown Source)
	at org.openqa.selenium.support.events.EventFiringWebDriver$2.invoke(EventFiringWebDriver.java:107)
	at com.sun.proxy.$Proxy6.getScreenshotAs(Unknown Source)
	at org.openqa.selenium.support.events.EventFiringWebDriver.getScreenshotAs(EventFiringWebDriver.java:288)
	at com.crm.utils.TestUtil.takeScreenshotAtEndOfTest(TestUtil.java:65)
	at com.crm.utils.WebEventListener.onException(WebEventListener.java:71)
	at org.openqa.selenium.support.events.EventFiringWebDriver$1.invoke(EventFiringWebDriver.java:82)
	at com.sun.proxy.$Proxy5.onException(Unknown Source)
	at org.openqa.selenium.support.events.EventFiringWebDriver$2.invoke(EventFiringWebDriver.java:107)
	at com.sun.proxy.$Proxy6.getScreenshotAs(Unknown Source)
	at org.openqa.selenium.support.events.EventFiringWebDriver.getScreenshotAs(EventFiringWebDriver.java:288)
	at com.crm.utils.TestUtil.takeScreenshotAtEndOfTest(TestUtil.java:65)
	at com.crm.utils.WebEventListener.onException(WebEventListener.java:71)
	at org.openqa.selenium.support.events.EventFiringWebDriver$1.invoke(EventFiringWebDriver.java:82)
	at com.sun.proxy.$Proxy5.onException(Unknown Source)
	at org.openqa.selenium.support.events.EventFiringWebDriver$2.invoke(EventFiringWebDriver.java:107)
	at com.sun.proxy.$Proxy6.getScreenshotAs(Unknown Source)
	at org.openqa.selenium.support.events.EventFiringWebDriver.getScreenshotAs(EventFiringWebDriver.java:288)
	at com.crm.utils.TestUtil.takeScreenshotAtEndOfTest(TestUtil.java:65)
	at com.crm.utils.WebEventListener.onException(WebEventListener.java:71)
	at org.openqa.selenium.support.events.EventFiringWebDriver$1.invoke(EventFiringWebDriver.java:82)
	at com.sun.proxy.$Proxy5.onException(Unknown Source)
	at org.openqa.selenium.support.events.EventFiringWebDriver$2.invoke(EventFiringWebDriver.java:107)
	at com.sun.proxy.$Proxy6.getScreenshotAs(Unknown Source)
	at org.openqa.selenium.support.events.EventFiringWebDriver.getScreenshotAs(EventFiringWebDriver.java:288)
	at com.crm.utils.TestUtil.takeScreenshotAtEndOfTest(TestUtil.java:65)
	at com.crm.utils.WebEventListener.onException(WebEventListener.java:71)
	at org.openqa.selenium.support.events.EventFiringWebDriver$1.invoke(EventFiringWebDriver.java:82)
	at com.sun.proxy.$Proxy5.onException(Unknown Source)
	at org.openqa.selenium.support.events.EventFiringWebDriver$2.invoke(EventFiringWebDriver.java:107)
	at com.sun.proxy.$Proxy6.getScreenshotAs(Unknown Source)
	at org.openqa.selenium.support.events.EventFiringWebDriver.getScreenshotAs(EventFiringWebDriver.java:288)
	at com.crm.utils.TestUtil.takeScreenshotAtEndOfTest(TestUtil.java:65)
	at com.crm.utils.WebEventListener.onException(WebEventListener.java:71)
	at org.openqa.selenium.support.events.EventFiringWebDriver$1.invoke(EventFiringWebDriver.java:82)
	at com.sun.proxy.$Proxy5.onException(Unknown Source)
	at org.openqa.selenium.support.events.EventFiringWebDriver$2.invoke(EventFiringWebDriver.java:107)
	at com.sun.proxy.$Proxy6.getScreenshotAs(Unknown Source)
	at org.openqa.selenium.support.events.EventFiringWebDriver.getScreenshotAs(EventFiringWebDriver.java:288)
	at com.crm.utils.TestUtil.takeScreenshotAtEndOfTest(TestUtil.java:65)
	at com.crm.utils.WebEventListener.onException(WebEventListener.java:71)
	at org.openqa.selenium.support.events.EventFiringWebDriver$1.invoke(EventFiringWebDriver.java:82)
	at com.sun.proxy.$Proxy5.onException(Unknown Source)
	at org.openqa.selenium.support.events.EventFiringWebDriver$2.invoke(EventFiringWebDriver.java:107)
	at com.sun.proxy.$Proxy6.getScreenshotAs(Unknown Source)
	at org.openqa.selenium.support.events.EventFiringWebDriver.getScreenshotAs(EventFiringWebDriver.java:288)
	at com.crm.utils.TestUtil.takeScreenshotAtEndOfTest(TestUtil.java:65)
	at com.crm.utils.WebEventListener.onException(WebEventListener.java:71)
	at org.openqa.selenium.support.events.EventFiringWebDriver$1.invoke(EventFiringWebDriver.java:82)
	at com.sun.proxy.$Proxy5.onException(Unknown Source)
	at org.openqa.selenium.support.events.EventFiringWebDriver$2.invoke(EventFiringWebDriver.java:107)
	at com.sun.proxy.$Proxy6.getScreenshotAs(Unknown Source)
	at org.openqa.selenium.support.events.EventFiringWebDriver.getScreenshotAs(EventFiringWebDriver.java:288)
	at com.crm.utils.TestUtil.takeScreenshotAtEndOfTest(TestUtil.java:65)
	at com.crm.utils.WebEventListener.onException(WebEventListener.java:71)
	at org.openqa.selenium.support.events.EventFiringWebDriver$1.invoke(EventFiringWebDriver.java:82)
	at com.sun.proxy.$Proxy5.onException(Unknown Source)
	at org.openqa.selenium.support.events.EventFiringWebDriver$2.invoke(EventFiringWebDriver.java:107)
	at com.sun.proxy.$Proxy6.getScreenshotAs(Unknown Source)
	at org.openqa.selenium.support.events.EventFiringWebDriver.getScreenshotAs(EventFiringWebDriver.java:288)
	at com.crm.utils.TestUtil.takeScreenshotAtEndOfTest(TestUtil.java:65)
	at com.crm.utils.WebEventListener.onException(WebEventListener.java:71)
	at org.openqa.selenium.support.events.EventFiringWebDriver$1.invoke(EventFiringWebDriver.java:82)
	at com.sun.proxy.$Proxy5.onException(Unknown Source)
	at org.openqa.selenium.support.events.EventFiringWebDriver$2.invoke(EventFiringWebDriver.java:107)
	at com.sun.proxy.$Proxy6.getScreenshotAs(Unknown Source)
	at org.openqa.selenium.support.events.EventFiringWebDriver.getScreenshotAs(EventFiringWebDriver.java:288)
	at com.crm.utils.TestUtil.takeScreenshotAtEndOfTest(TestUtil.java:65)
	at com.crm.utils.WebEventListener.onException(WebEventListener.java:71)
	at org.openqa.selenium.support.events.EventFiringWebDriver$1.invoke(EventFiringWebDriver.java:82)
	at com.sun.proxy.$Proxy5.onException(Unknown Source)
	at org.openqa.selenium.support.events.EventFiringWebDriver$2.invoke(EventFiringWebDriver.java:107)
	at com.sun.proxy.$Proxy6.getScreenshotAs(Unknown Source)
	at org.openqa.selenium.support.events.EventFiringWebDriver.getScreenshotAs(EventFiringWebDriver.java:288)
	at com.crm.utils.TestUtil.takeScreenshotAtEndOfTest(TestUtil.java:65)
	at com.crm.utils.WebEventListener.onException(WebEventListener.java:71)
	at org.openqa.selenium.support.events.EventFiringWebDriver$1.invoke(EventFiringWebDriver.java:82)
	at com.sun.proxy.$Proxy5.onException(Unknown Source)
	at org.openqa.selenium.support.events.EventFiringWebDriver$2.invoke(EventFiringWebDriver.java:107)
	at com.sun.proxy.$Proxy6.getScreenshotAs(Unknown Source)
	at org.openqa.selenium.support.events.EventFiringWebDriver.getScreenshotAs(EventFiringWebDriver.java:288)
	at com.crm.utils.TestUtil.takeScreenshotAtEndOfTest(TestUtil.java:65)
	at com.crm.utils.WebEventListener.onException(WebEventListener.java:71)
	at org.openqa.selenium.support.events.EventFiringWebDriver$1.invoke(EventFiringWebDriver.java:82)
	at com.sun.proxy.$Proxy5.onException(Unknown Source)
	at org.openqa.selenium.support.events.EventFiringWebDriver$2.invoke(EventFiringWebDriver.java:107)
	at com.sun.proxy.$Proxy6.getScreenshotAs(Unknown Source)
	at org.openqa.selenium.support.events.EventFiringWebDriver.getScreenshotAs(EventFiringWebDriver.java:288)
	at com.crm.utils.TestUtil.takeScreenshotAtEndOfTest(TestUtil.java:65)
	at com.crm.utils.WebEventListener.onException(WebEventListener.java:71)
	at org.openqa.selenium.support.events.EventFiringWebDriver$1.invoke(EventFiringWebDriver.java:82)
	at com.sun.proxy.$Proxy5.onException(Unknown Source)
	at org.openqa.selenium.support.events.EventFiringWebDriver$2.invoke(EventFiringWebDriver.java:107)
	at com.sun.proxy.$Proxy6.getScreenshotAs(Unknown Source)
	at org.openqa.selenium.support.events.EventFiringWebDriver.getScreenshotAs(EventFiringWebDriver.java:288)
	at com.crm.utils.TestUtil.takeScreenshotAtEndOfTest(TestUtil.java:65)
	at com.crm.utils.WebEventListener.onException(WebEventListener.java:71)
	at org.openqa.selenium.support.events.EventFiringWebDriver$1.invoke(EventFiringWebDriver.java:82)
	at com.sun.proxy.$Proxy5.onException(Unknown Source)
	at org.openqa.selenium.support.events.EventFiringWebDriver$2.invoke(EventFiringWebDriver.java:107)
	at com.sun.proxy.$Proxy6.getScreenshotAs(Unknown Source)
... Removed 308 stack frames]]>
    </failure>
  </testcase> <!-- @BeforeMethod setup -->
  <testcase name="@BeforeMethod setup" time="0.0" classname="com.crm.test.LoginPageTest">
    <skipped/>
  </testcase> <!-- @BeforeMethod setup -->
  <testcase name="@BeforeMethod setup" time="0.0" classname="com.crm.test.LoginPageTest">
    <skipped/>
  </testcase> <!-- @BeforeMethod setup -->
  <testcase name="verifycontactlabelTest" time="0.042" classname="com.crm.test.ContactPageTest"/>
  <testcase name="verifyHomePageTitleTest" time="0.017" classname="com.crm.test.HomePageTest"/>
  <testcase name="loginPageTitleTest" time="0.0" classname="com.crm.test.LoginPageTest">
    <skipped/>
  </testcase> <!-- loginPageTitleTest -->
  <testcase name="verifyTasklabelTest" time="0.08" classname="com.crm.test.TaskPageTest"/>
  <testcase name="verifyUsernameTest" time="0.1" classname="com.crm.test.HomePageTest"/>
  <testcase name="LogoTest" time="0.0" classname="com.crm.test.LoginPageTest">
    <skipped/>
  </testcase> <!-- LogoTest -->
  <testcase name="clickonExpandbuttonTest" time="0.118" classname="com.crm.test.TaskPageTest"/>
  <testcase name="clickContactLinkTest" time="1.583" classname="com.crm.test.HomePageTest"/>
  <testcase name="LoginTest" time="0.0" classname="com.crm.test.LoginPageTest">
    <skipped/>
  </testcase> <!-- LoginTest -->
  <testcase name="clickonTaskLink" time="1.636" classname="com.crm.test.HomePageTest"/>
</testsuite> <!-- Command line test -->
