<?xml version="1.0" encoding="UTF-8"?>
<testng-results skipped="3" failed="0" ignored="0" total="10" passed="7">
  <reporter-output>
  </reporter-output>
  <suite name="Command line suite" duration-ms="313906" started-at="2018-11-09T15:08:29Z" finished-at="2018-11-09T15:13:43Z">
    <groups>
    </groups>
    <test name="Command line test" duration-ms="313906" started-at="2018-11-09T15:08:29Z" finished-at="2018-11-09T15:13:43Z">
      <class name="com.crm.test.LoginPageTest">
        <test-method status="FAIL" signature="setup()[pri:0, instance:com.crm.test.LoginPageTest@6a2bcfcb]" name="setup" is-config="true" duration-ms="154876" started-at="2018-11-09T20:39:10Z" finished-at="2018-11-09T20:41:45Z">
          <exception class="java.lang.StackOverflowError">
            <full-stacktrace>
              <![CDATA[java.lang.StackOverflowError
	at sun.reflect.Reflection.quickCheckMemberAccess(Reflection.java:84)
	at java.lang.reflect.Method.invoke(Method.java:489)
	at org.openqa.selenium.support.events.EventFiringWebDriver$2.invoke(EventFiringWebDriver.java:105)
	at com.sun.proxy.$Proxy6.getScreenshotAs(Unknown Source)
	at org.openqa.selenium.support.events.EventFiringWebDriver.getScreenshotAs(EventFiringWebDriver.java:288)
	at com.crm.utils.TestUtil.takeScreenshotAtEndOfTest(TestUtil.java:65)
	at com.crm.utils.WebEventListener.onException(WebEventListener.java:71)
	at sun.reflect.GeneratedMethodAccessor1.invoke(Unknown Source)
	at sun.reflect.DelegatingMethodAccessorImpl.invoke(DelegatingMethodAccessorImpl.java:43)
	at java.lang.reflect.Method.invoke(Method.java:498)
	at org.openqa.selenium.support.events.EventFiringWebDriver$1.invoke(EventFiringWebDriver.java:82)
	at com.sun.proxy.$Proxy5.onException(Unknown Source)
	at org.openqa.selenium.support.events.EventFiringWebDriver$2.invoke(EventFiringWebDriver.java:107)
	at com.sun.proxy.$Proxy6.getScreenshotAs(Unknown Source)
	at org.openqa.selenium.support.events.EventFiringWebDriver.getScreenshotAs(EventFiringWebDriver.java:288)
	at com.crm.utils.TestUtil.takeScreenshotAtEndOfTest(TestUtil.java:65)
	at com.crm.utils.WebEventListener.onException(WebEventListener.java:71)
	at sun.reflect.GeneratedMethodAccessor1.invoke(Unknown Source)
	at sun.reflect.DelegatingMethodAccessorImpl.invoke(DelegatingMethodAccessorImpl.java:43)
	at java.lang.reflect.Method.invoke(Method.java:498)
	at org.openqa.selenium.support.events.EventFiringWebDriver$1.invoke(EventFiringWebDriver.java:82)
	at com.sun.proxy.$Proxy5.onException(Unknown Source)
	at org.openqa.selenium.support.events.EventFiringWebDriver$2.invoke(EventFiringWebDriver.java:107)
	at com.sun.proxy.$Proxy6.getScreenshotAs(Unknown Source)
	at org.openqa.selenium.support.events.EventFiringWebDriver.getScreenshotAs(EventFiringWebDriver.java:288)
	at com.crm.utils.TestUtil.takeScreenshotAtEndOfTest(TestUtil.java:65)
	at com.crm.utils.WebEventListener.onException(WebEventListener.java:71)
	at sun.reflect.GeneratedMethodAccessor1.invoke(Unknown Source)
	at sun.reflect.DelegatingMethodAccessorImpl.invoke(DelegatingMethodAccessorImpl.java:43)
	at java.lang.reflect.Method.invoke(Method.java:498)
	at org.openqa.selenium.support.events.EventFiringWebDriver$1.invoke(EventFiringWebDriver.java:82)
	at com.sun.proxy.$Proxy5.onException(Unknown Source)
	at org.openqa.selenium.support.events.EventFiringWebDriver$2.invoke(EventFiringWebDriver.java:107)
	at com.sun.proxy.$Proxy6.getScreenshotAs(Unknown Source)
	at org.openqa.selenium.support.events.EventFiringWebDriver.getScreenshotAs(EventFiringWebDriver.java:288)
	at com.crm.utils.TestUtil.takeScreenshotAtEndOfTest(TestUtil.java:65)
	at com.crm.utils.WebEventListener.onException(WebEventListener.java:71)
	at sun.reflect.GeneratedMethodAccessor1.invoke(Unknown Source)
	at sun.reflect.DelegatingMethodAccessorImpl.invoke(DelegatingMethodAccessorImpl.java:43)
	at java.lang.reflect.Method.invoke(Method.java:498)
	at org.openqa.selenium.support.events.EventFiringWebDriver$1.invoke(EventFiringWebDriver.java:82)
	at com.sun.proxy.$Proxy5.onException(Unknown Source)
	at org.openqa.selenium.support.events.EventFiringWebDriver$2.invoke(EventFiringWebDriver.java:107)
	at com.sun.proxy.$Proxy6.getScreenshotAs(Unknown Source)
	at org.openqa.selenium.support.events.EventFiringWebDriver.getScreenshotAs(EventFiringWebDriver.java:288)
	at com.crm.utils.TestUtil.takeScreenshotAtEndOfTest(TestUtil.java:65)
	at com.crm.utils.WebEventListener.onException(WebEventListener.java:71)
	at sun.reflect.GeneratedMethodAccessor1.invoke(Unknown Source)
	at sun.reflect.DelegatingMethodAccessorImpl.invoke(DelegatingMethodAccessorImpl.java:43)
	at java.lang.reflect.Method.invoke(Method.java:498)
	at org.openqa.selenium.support.events.EventFiringWebDriver$1.invoke(EventFiringWebDriver.java:82)
	at com.sun.proxy.$Proxy5.onException(Unknown Source)
	at org.openqa.selenium.support.events.EventFiringWebDriver$2.invoke(EventFiringWebDriver.java:107)
	at com.sun.proxy.$Proxy6.getScreenshotAs(Unknown Source)
	at org.openqa.selenium.support.events.EventFiringWebDriver.getScreenshotAs(EventFiringWebDriver.java:288)
	at com.crm.utils.TestUtil.takeScreenshotAtEndOfTest(TestUtil.java:65)
	at com.crm.utils.WebEventListener.onException(WebEventListener.java:71)
	at sun.reflect.GeneratedMethodAccessor1.invoke(Unknown Source)
	at sun.reflect.DelegatingMethodAccessorImpl.invoke(DelegatingMethodAccessorImpl.java:43)
	at java.lang.reflect.Method.invoke(Method.java:498)
	at org.openqa.selenium.support.events.EventFiringWebDriver$1.invoke(EventFiringWebDriver.java:82)
	at com.sun.proxy.$Proxy5.onException(Unknown Source)
	at org.openqa.selenium.support.events.EventFiringWebDriver$2.invoke(EventFiringWebDriver.java:107)
	at com.sun.proxy.$Proxy6.getScreenshotAs(Unknown Source)
	at org.openqa.selenium.support.events.EventFiringWebDriver.getScreenshotAs(EventFiringWebDriver.java:288)
	at com.crm.utils.TestUtil.takeScreenshotAtEndOfTest(TestUtil.java:65)
	at com.crm.utils.WebEventListener.onException(WebEventListener.java:71)
	at sun.reflect.GeneratedMethodAccessor1.invoke(Unknown Source)
	at sun.reflect.DelegatingMethodAccessorImpl.invoke(DelegatingMethodAccessorImpl.java:43)
	at java.lang.reflect.Method.invoke(Method.java:498)
	at org.openqa.selenium.support.events.EventFiringWebDriver$1.invoke(EventFiringWebDriver.java:82)
	at com.sun.proxy.$Proxy5.onException(Unknown Source)
	at org.openqa.selenium.support.events.EventFiringWebDriver$2.invoke(EventFiringWebDriver.java:107)
	at com.sun.proxy.$Proxy6.getScreenshotAs(Unknown Source)
	at org.openqa.selenium.support.events.EventFiringWebDriver.getScreenshotAs(EventFiringWebDriver.java:288)
	at com.crm.utils.TestUtil.takeScreenshotAtEndOfTest(TestUtil.java:65)
	at com.crm.utils.WebEventListener.onException(WebEventListener.java:71)
	at sun.reflect.GeneratedMethodAccessor1.invoke(Unknown Source)
	at sun.reflect.DelegatingMethodAccessorImpl.invoke(DelegatingMethodAccessorImpl.java:43)
	at java.lang.reflect.Method.invoke(Method.java:498)
	at org.openqa.selenium.support.events.EventFiringWebDriver$1.invoke(EventFiringWebDriver.java:82)
	at com.sun.proxy.$Proxy5.onException(Unknown Source)
	at org.openqa.selenium.support.events.EventFiringWebDriver$2.invoke(EventFiringWebDriver.java:107)
	at com.sun.proxy.$Proxy6.getScreenshotAs(Unknown Source)
	at org.openqa.selenium.support.events.EventFiringWebDriver.getScreenshotAs(EventFiringWebDriver.java:288)
	at com.crm.utils.TestUtil.takeScreenshotAtEndOfTest(TestUtil.java:65)
	at com.crm.utils.WebEventListener.onException(WebEventListener.java:71)
	at sun.reflect.GeneratedMethodAccessor1.invoke(Unknown Source)
	at sun.reflect.DelegatingMethodAccessorImpl.invoke(DelegatingMethodAccessorImpl.java:43)
	at java.lang.reflect.Method.invoke(Method.java:498)
	at org.openqa.selenium.support.events.EventFiringWebDriver$1.invoke(EventFiringWebDriver.java:82)
	at com.sun.proxy.$Proxy5.onException(Unknown Source)
	at org.openqa.selenium.support.events.EventFiringWebDriver$2.invoke(EventFiringWebDriver.java:107)
	at com.sun.proxy.$Proxy6.getScreenshotAs(Unknown Source)
	at org.openqa.selenium.support.events.EventFiringWebDriver.getScreenshotAs(EventFiringWebDriver.java:288)
	at com.crm.utils.TestUtil.takeScreenshotAtEndOfTest(TestUtil.java:65)
	at com.crm.utils.WebEventListener.onException(WebEventListener.java:71)
	at sun.reflect.GeneratedMethodAccessor1.invoke(Unknown Source)
	at sun.reflect.DelegatingMethodAccessorImpl.invoke(DelegatingMethodAccessorImpl.java:43)
	at java.lang.reflect.Method.invoke(Method.java:498)
	at org.openqa.selenium.support.events.EventFiringWebDriver$1.invoke(EventFiringWebDriver.java:82)
	at com.sun.proxy.$Proxy5.onException(Unknown Source)
	at org.openqa.selenium.support.events.EventFiringWebDriver$2.invoke(EventFiringWebDriver.java:107)
	at com.sun.proxy.$Proxy6.getScreenshotAs(Unknown Source)
	at org.openqa.selenium.support.events.EventFiringWebDriver.getScreenshotAs(EventFiringWebDriver.java:288)
	at com.crm.utils.TestUtil.takeScreenshotAtEndOfTest(TestUtil.java:65)
	at com.crm.utils.WebEventListener.onException(WebEventListener.java:71)
	at sun.reflect.GeneratedMethodAccessor1.invoke(Unknown Source)
	at sun.reflect.DelegatingMethodAccessorImpl.invoke(DelegatingMethodAccessorImpl.java:43)
	at java.lang.reflect.Method.invoke(Method.java:498)
	at org.openqa.selenium.support.events.EventFiringWebDriver$1.invoke(EventFiringWebDriver.java:82)
	at com.sun.proxy.$Proxy5.onException(Unknown Source)
	at org.openqa.selenium.support.events.EventFiringWebDriver$2.invoke(EventFiringWebDriver.java:107)
	at com.sun.proxy.$Proxy6.getScreenshotAs(Unknown Source)
	at org.openqa.selenium.support.events.EventFiringWebDriver.getScreenshotAs(EventFiringWebDriver.java:288)
	at com.crm.utils.TestUtil.takeScreenshotAtEndOfTest(TestUtil.java:65)
	at com.crm.utils.WebEventListener.onException(WebEventListener.java:71)
	at sun.reflect.GeneratedMethodAccessor1.invoke(Unknown Source)
	at sun.reflect.DelegatingMethodAccessorImpl.invoke(DelegatingMethodAccessorImpl.java:43)
	at java.lang.reflect.Method.invoke(Method.java:498)
	at org.openqa.selenium.support.events.EventFiringWebDriver$1.invoke(EventFiringWebDriver.java:82)
	at com.sun.proxy.$Proxy5.onException(Unknown Source)
	at org.openqa.selenium.support.events.EventFiringWebDriver$2.invoke(EventFiringWebDriver.java:107)
	at com.sun.proxy.$Proxy6.getScreenshotAs(Unknown Source)
	at org.openqa.selenium.support.events.EventFiringWebDriver.getScreenshotAs(EventFiringWebDriver.java:288)
	at com.crm.utils.TestUtil.takeScreenshotAtEndOfTest(TestUtil.java:65)
	at com.crm.utils.WebEventListener.onException(WebEventListener.java:71)
	at sun.reflect.GeneratedMethodAccessor1.invoke(Unknown Source)
	at sun.reflect.DelegatingMethodAccessorImpl.invoke(DelegatingMethodAccessorImpl.java:43)
	at java.lang.reflect.Method.invoke(Method.java:498)
	at org.openqa.selenium.support.events.EventFiringWebDriver$1.invoke(EventFiringWebDriver.java:82)
	at com.sun.proxy.$Proxy5.onException(Unknown Source)
	at org.openqa.selenium.support.events.EventFiringWebDriver$2.invoke(EventFiringWebDriver.java:107)
	at com.sun.proxy.$Proxy6.getScreenshotAs(Unknown Source)
	at org.openqa.selenium.support.events.EventFiringWebDriver.getScreenshotAs(EventFiringWebDriver.java:288)
	at com.crm.utils.TestUtil.takeScreenshotAtEndOfTest(TestUtil.java:65)
	at com.crm.utils.WebEventListener.onException(WebEventListener.java:71)
	at sun.reflect.GeneratedMethodAccessor1.invoke(Unknown Source)
	at sun.reflect.DelegatingMethodAccessorImpl.invoke(DelegatingMethodAccessorImpl.java:43)
	at java.lang.reflect.Method.invoke(Method.java:498)
	at org.openqa.selenium.support.events.EventFiringWebDriver$1.invoke(EventFiringWebDriver.java:82)
	at com.sun.proxy.$Proxy5.onException(Unknown Source)
	at org.openqa.selenium.support.events.EventFiringWebDriver$2.invoke(EventFiringWebDriver.java:107)
	at com.sun.proxy.$Proxy6.getScreenshotAs(Unknown Source)
	at org.openqa.selenium.support.events.EventFiringWebDriver.getScreenshotAs(EventFiringWebDriver.java:288)
	at com.crm.utils.TestUtil.takeScreenshotAtEndOfTest(TestUtil.java:65)
	at com.crm.utils.WebEventListener.onException(WebEventListener.java:71)
	at sun.reflect.GeneratedMethodAccessor1.invoke(Unknown Source)
	at sun.reflect.DelegatingMethodAccessorImpl.invoke(DelegatingMethodAccessorImpl.java:43)
	at java.lang.reflect.Method.invoke(Method.java:498)
	at org.openqa.selenium.support.events.EventFiringWebDriver$1.invoke(EventFiringWebDriver.java:82)
	at com.sun.proxy.$Proxy5.onException(Unknown Source)
	at org.openqa.selenium.support.events.EventFiringWebDriver$2.invoke(EventFiringWebDriver.java:107)
	at com.sun.proxy.$Proxy6.getScreenshotAs(Unknown Source)
	at org.openqa.selenium.support.events.EventFiringWebDriver.getScreenshotAs(EventFiringWebDriver.java:288)
	at com.crm.utils.TestUtil.takeScreenshotAtEndOfTest(TestUtil.java:65)
	at com.crm.utils.WebEventListener.onException(WebEventListener.java:71)
	at sun.reflect.GeneratedMethodAccessor1.invoke(Unknown Source)
	at sun.reflect.DelegatingMethodAccessorImpl.invoke(DelegatingMethodAccessorImpl.java:43)
	at java.lang.reflect.Method.invoke(Method.java:498)
	at org.openqa.selenium.support.events.EventFiringWebDriver$1.invoke(EventFiringWebDriver.java:82)
	at com.sun.proxy.$Proxy5.onException(Unknown Source)
	at org.openqa.selenium.support.events.EventFiringWebDriver$2.invoke(EventFiringWebDriver.java:107)
	at com.sun.proxy.$Proxy6.getScreenshotAs(Unknown Source)
	at org.openqa.selenium.support.events.EventFiringWebDriver.getScreenshotAs(EventFiringWebDriver.java:288)
	at com.crm.utils.TestUtil.takeScreenshotAtEndOfTest(TestUtil.java:65)
	at com.crm.utils.WebEventListener.onException(WebEventListener.java:71)
	at sun.reflect.GeneratedMethodAccessor1.invoke(Unknown Source)
	at sun.reflect.DelegatingMethodAccessorImpl.invoke(DelegatingMethodAccessorImpl.java:43)
	at java.lang.reflect.Method.invoke(Method.java:498)
	at org.openqa.selenium.support.events.EventFiringWebDriver$1.invoke(EventFiringWebDriver.java:82)
	at com.sun.proxy.$Proxy5.onException(Unknown Source)
	at org.openqa.selenium.support.events.EventFiringWebDriver$2.invoke(EventFiringWebDriver.java:107)
	at com.sun.proxy.$Proxy6.getScreenshotAs(Unknown Source)
	at org.openqa.selenium.support.events.EventFiringWebDriver.getScreenshotAs(EventFiringWebDriver.java:288)
	at com.crm.utils.TestUtil.takeScreenshotAtEndOfTest(TestUtil.java:65)
	at com.crm.utils.WebEventListener.onException(WebEventListener.java:71)
	at sun.reflect.GeneratedMethodAccessor1.invoke(Unknown Source)
	at sun.reflect.DelegatingMethodAccessorImpl.invoke(DelegatingMethodAccessorImpl.java:43)
	at java.lang.reflect.Method.invoke(Method.java:498)
	at org.openqa.selenium.support.events.EventFiringWebDriver$1.invoke(EventFiringWebDriver.java:82)
	at com.sun.proxy.$Proxy5.onException(Unknown Source)
	at org.openqa.selenium.support.events.EventFiringWebDriver$2.invoke(EventFiringWebDriver.java:107)
	at com.sun.proxy.$Proxy6.getScreenshotAs(Unknown Source)
	at org.openqa.selenium.support.events.EventFiringWebDriver.getScreenshotAs(EventFiringWebDriver.java:288)
	at com.crm.utils.TestUtil.takeScreenshotAtEndOfTest(TestUtil.java:65)
	at com.crm.utils.WebEventListener.onException(WebEventListener.java:71)
	at sun.reflect.GeneratedMethodAccessor1.invoke(Unknown Source)
	at sun.reflect.DelegatingMethodAccessorImpl.invoke(DelegatingMethodAccessorImpl.java:43)
	at java.lang.reflect.Method.invoke(Method.java:498)
	at org.openqa.selenium.support.events.EventFiringWebDriver$1.invoke(EventFiringWebDriver.java:82)
	at com.sun.proxy.$Proxy5.onException(Unknown Source)
	at org.openqa.selenium.support.events.EventFiringWebDriver$2.invoke(EventFiringWebDriver.java:107)
	at com.sun.proxy.$Proxy6.getScreenshotAs(Unknown Source)
	at org.openqa.selenium.support.events.EventFiringWebDriver.getScreenshotAs(EventFiringWebDriver.java:288)
	at com.crm.utils.TestUtil.takeScreenshotAtEndOfTest(TestUtil.java:65)
	at com.crm.utils.WebEventListener.onException(WebEventListener.java:71)
	at sun.reflect.GeneratedMethodAccessor1.invoke(Unknown Source)
	at sun.reflect.DelegatingMethodAccessorImpl.invoke(DelegatingMethodAccessorImpl.java:43)
	at java.lang.reflect.Method.invoke(Method.java:498)
	at org.openqa.selenium.support.events.EventFiringWebDriver$1.invoke(EventFiringWebDriver.java:82)
	at com.sun.proxy.$Proxy5.onException(Unknown Source)
	at org.openqa.selenium.support.events.EventFiringWebDriver$2.invoke(EventFiringWebDriver.java:107)
	at com.sun.proxy.$Proxy6.getScreenshotAs(Unknown Source)
	at org.openqa.selenium.support.events.EventFiringWebDriver.getScreenshotAs(EventFiringWebDriver.java:288)
	at com.crm.utils.TestUtil.takeScreenshotAtEndOfTest(TestUtil.java:65)
	at com.crm.utils.WebEventListener.onException(WebEventListener.java:71)
	at sun.reflect.GeneratedMethodAccessor1.invoke(Unknown Source)
	at sun.reflect.DelegatingMethodAccessorImpl.invoke(DelegatingMethodAccessorImpl.java:43)
	at java.lang.reflect.Method.invoke(Method.java:498)
	at org.openqa.selenium.support.events.EventFiringWebDriver$1.invoke(EventFiringWebDriver.java:82)
	at com.sun.proxy.$Proxy5.onException(Unknown Source)
	at org.openqa.selenium.support.events.EventFiringWebDriver$2.invoke(EventFiringWebDriver.java:107)
	at com.sun.proxy.$Proxy6.getScreenshotAs(Unknown Source)
	at org.openqa.selenium.support.events.EventFiringWebDriver.getScreenshotAs(EventFiringWebDriver.java:288)
	at com.crm.utils.TestUtil.takeScreenshotAtEndOfTest(TestUtil.java:65)
	at com.crm.utils.WebEventListener.onException(WebEventListener.java:71)
	at sun.reflect.GeneratedMethodAccessor1.invoke(Unknown Source)
	at sun.reflect.DelegatingMethodAccessorImpl.invoke(DelegatingMethodAccessorImpl.java:43)
	at java.lang.reflect.Method.invoke(Method.java:498)
	at org.openqa.selenium.support.events.EventFiringWebDriver$1.invoke(EventFiringWebDriver.java:82)
	at com.sun.proxy.$Proxy5.onException(Unknown Source)
	at org.openqa.selenium.support.events.EventFiringWebDriver$2.invoke(EventFiringWebDriver.java:107)
	at com.sun.proxy.$Proxy6.getScreenshotAs(Unknown Source)
	at org.openqa.selenium.support.events.EventFiringWebDriver.getScreenshotAs(EventFiringWebDriver.java:288)
	at com.crm.utils.TestUtil.takeScreenshotAtEndOfTest(TestUtil.java:65)
	at com.crm.utils.WebEventListener.onException(WebEventListener.java:71)
	at sun.reflect.GeneratedMethodAccessor1.invoke(Unknown Source)
	at sun.reflect.DelegatingMethodAccessorImpl.invoke(DelegatingMethodAccessorImpl.java:43)
	at java.lang.reflect.Method.invoke(Method.java:498)
	at org.openqa.selenium.support.events.EventFiringWebDriver$1.invoke(EventFiringWebDriver.java:82)
	at com.sun.proxy.$Proxy5.onException(Unknown Source)
	at org.openqa.selenium.support.events.EventFiringWebDriver$2.invoke(EventFiringWebDriver.java:107)
	at com.sun.proxy.$Proxy6.getScreenshotAs(Unknown Source)
	at org.openqa.selenium.support.events.EventFiringWebDriver.getScreenshotAs(EventFiringWebDriver.java:288)
	at com.crm.utils.TestUtil.takeScreenshotAtEndOfTest(TestUtil.java:65)
	at com.crm.utils.WebEventListener.onException(WebEventListener.java:71)
	at sun.reflect.GeneratedMethodAccessor1.invoke(Unknown Source)
	at sun.reflect.DelegatingMethodAccessorImpl.invoke(DelegatingMethodAccessorImpl.java:43)
	at java.lang.reflect.Method.invoke(Method.java:498)
	at org.openqa.selenium.support.events.EventFiringWebDriver$1.invoke(EventFiringWebDriver.java:82)
	at com.sun.proxy.$Proxy5.onException(Unknown Source)
	at org.openqa.selenium.support.events.EventFiringWebDriver$2.invoke(EventFiringWebDriver.java:107)
	at com.sun.proxy.$Proxy6.getScreenshotAs(Unknown Source)
	at org.openqa.selenium.support.events.EventFiringWebDriver.getScreenshotAs(EventFiringWebDriver.java:288)
	at com.crm.utils.TestUtil.takeScreenshotAtEndOfTest(TestUtil.java:65)
	at com.crm.utils.WebEventListener.onException(WebEventListener.java:71)
	at sun.reflect.GeneratedMethodAccessor1.invoke(Unknown Source)
	at sun.reflect.DelegatingMethodAccessorImpl.invoke(DelegatingMethodAccessorImpl.java:43)
	at java.lang.reflect.Method.invoke(Method.java:498)
	at org.openqa.selenium.support.events.EventFiringWebDriver$1.invoke(EventFiringWebDriver.java:82)
	at com.sun.proxy.$Proxy5.onException(Unknown Source)
	at org.openqa.selenium.support.events.EventFiringWebDriver$2.invoke(EventFiringWebDriver.java:107)
	at com.sun.proxy.$Proxy6.getScreenshotAs(Unknown Source)
	at org.openqa.selenium.support.events.EventFiringWebDriver.getScreenshotAs(EventFiringWebDriver.java:288)
	at com.crm.utils.TestUtil.takeScreenshotAtEndOfTest(TestUtil.java:65)
	at com.crm.utils.WebEventListener.onException(WebEventListener.java:71)
	at sun.reflect.GeneratedMethodAccessor1.invoke(Unknown Source)
	at sun.reflect.DelegatingMethodAccessorImpl.invoke(DelegatingMethodAccessorImpl.java:43)
	at java.lang.reflect.Method.invoke(Method.java:498)
	at org.openqa.selenium.support.events.EventFiringWebDriver$1.invoke(EventFiringWebDriver.java:82)
	at com.sun.proxy.$Proxy5.onException(Unknown Source)
	at org.openqa.selenium.support.events.EventFiringWebDriver$2.invoke(EventFiringWebDriver.java:107)
	at com.sun.proxy.$Proxy6.getScreenshotAs(Unknown Source)
	at org.openqa.selenium.support.events.EventFiringWebDriver.getScreenshotAs(EventFiringWebDriver.java:288)
	at com.crm.utils.TestUtil.takeScreenshotAtEndOfTest(TestUtil.java:65)
	at com.crm.utils.WebEventListener.onException(WebEventListener.java:71)
	at sun.reflect.GeneratedMethodAccessor1.invoke(Unknown Source)
	at sun.reflect.DelegatingMethodAccessorImpl.invoke(DelegatingMethodAccessorImpl.java:43)
	at java.lang.reflect.Method.invoke(Method.java:498)
	at org.openqa.selenium.support.events.EventFiringWebDriver$1.invoke(EventFiringWebDriver.java:82)
	at com.sun.proxy.$Proxy5.onException(Unknown Source)
	at org.openqa.selenium.support.events.EventFiringWebDriver$2.invoke(EventFiringWebDriver.java:107)
	at com.sun.proxy.$Proxy6.getScreenshotAs(Unknown Source)
	at org.openqa.selenium.support.events.EventFiringWebDriver.getScreenshotAs(EventFiringWebDriver.java:288)
	at com.crm.utils.TestUtil.takeScreenshotAtEndOfTest(TestUtil.java:65)
	at com.crm.utils.WebEventListener.onException(WebEventListener.java:71)
	at sun.reflect.GeneratedMethodAccessor1.invoke(Unknown Source)
	at sun.reflect.DelegatingMethodAccessorImpl.invoke(DelegatingMethodAccessorImpl.java:43)
	at java.lang.reflect.Method.invoke(Method.java:498)
	at org.openqa.selenium.support.events.EventFiringWebDriver$1.invoke(EventFiringWebDriver.java:82)
	at com.sun.proxy.$Proxy5.onException(Unknown Source)
	at org.openqa.selenium.support.events.EventFiringWebDriver$2.invoke(EventFiringWebDriver.java:107)
	at com.sun.proxy.$Proxy6.getScreenshotAs(Unknown Source)
	at org.openqa.selenium.support.events.EventFiringWebDriver.getScreenshotAs(EventFiringWebDriver.java:288)
	at com.crm.utils.TestUtil.takeScreenshotAtEndOfTest(TestUtil.java:65)
	at com.crm.utils.WebEventListener.onException(WebEventListener.java:71)
	at sun.reflect.GeneratedMethodAccessor1.invoke(Unknown Source)
	at sun.reflect.DelegatingMethodAccessorImpl.invoke(DelegatingMethodAccessorImpl.java:43)
	at java.lang.reflect.Method.invoke(Method.java:498)
	at org.openqa.selenium.support.events.EventFiringWebDriver$1.invoke(EventFiringWebDriver.java:82)
	at com.sun.proxy.$Proxy5.onException(Unknown Source)
	at org.openqa.selenium.support.events.EventFiringWebDriver$2.invoke(EventFiringWebDriver.java:107)
	at com.sun.proxy.$Proxy6.getScreenshotAs(Unknown Source)
	at org.openqa.selenium.support.events.EventFiringWebDriver.getScreenshotAs(EventFiringWebDriver.java:288)
	at com.crm.utils.TestUtil.takeScreenshotAtEndOfTest(TestUtil.java:65)
	at com.crm.utils.WebEventListener.onException(WebEventListener.java:71)
	at sun.reflect.GeneratedMethodAccessor1.invoke(Unknown Source)
	at sun.reflect.DelegatingMethodAccessorImpl.invoke(DelegatingMethodAccessorImpl.java:43)
	at java.lang.reflect.Method.invoke(Method.java:498)
	at org.openqa.selenium.support.events.EventFiringWebDriver$1.invoke(EventFiringWebDriver.java:82)
	at com.sun.proxy.$Proxy5.onException(Unknown Source)
	at org.openqa.selenium.support.events.EventFiringWebDriver$2.invoke(EventFiringWebDriver.java:107)
	at com.sun.proxy.$Proxy6.getScreenshotAs(Unknown Source)
	at org.openqa.selenium.support.events.EventFiringWebDriver.getScreenshotAs(EventFiringWebDriver.java:288)
	at com.crm.utils.TestUtil.takeScreenshotAtEndOfTest(TestUtil.java:65)
	at com.crm.utils.WebEventListener.onException(WebEventListener.java:71)
	at sun.reflect.GeneratedMethodAccessor1.invoke(Unknown Source)
	at sun.reflect.DelegatingMethodAccessorImpl.invoke(DelegatingMethodAccessorImpl.java:43)
	at java.lang.reflect.Method.invoke(Method.java:498)
	at org.openqa.selenium.support.events.EventFiringWebDriver$1.invoke(EventFiringWebDriver.java:82)
	at com.sun.proxy.$Proxy5.onException(Unknown Source)
	at org.openqa.selenium.support.events.EventFiringWebDriver$2.invoke(EventFiringWebDriver.java:107)
	at com.sun.proxy.$Proxy6.getScreenshotAs(Unknown Source)
	at org.openqa.selenium.support.events.EventFiringWebDriver.getScreenshotAs(EventFiringWebDriver.java:288)
	at com.crm.utils.TestUtil.takeScreenshotAtEndOfTest(TestUtil.java:65)
	at com.crm.utils.WebEventListener.onException(WebEventListener.java:71)
	at sun.reflect.GeneratedMethodAccessor1.invoke(Unknown Source)
	at sun.reflect.DelegatingMethodAccessorImpl.invoke(DelegatingMethodAccessorImpl.java:43)
	at java.lang.reflect.Method.invoke(Method.java:498)
	at org.openqa.selenium.support.events.EventFiringWebDriver$1.invoke(EventFiringWebDriver.java:82)
	at com.sun.proxy.$Proxy5.onException(Unknown Source)
	at org.openqa.selenium.support.events.EventFiringWebDriver$2.invoke(EventFiringWebDriver.java:107)
	at com.sun.proxy.$Proxy6.getScreenshotAs(Unknown Source)
	at org.openqa.selenium.support.events.EventFiringWebDriver.getScreenshotAs(EventFiringWebDriver.java:288)
	at com.crm.utils.TestUtil.takeScreenshotAtEndOfTest(TestUtil.java:65)
	at com.crm.utils.WebEventListener.onException(WebEventListener.java:71)
	at sun.reflect.GeneratedMethodAccessor1.invoke(Unknown Source)
	at sun.reflect.DelegatingMethodAccessorImpl.invoke(DelegatingMethodAccessorImpl.java:43)
	at java.lang.reflect.Method.invoke(Method.java:498)
	at org.openqa.selenium.support.events.EventFiringWebDriver$1.invoke(EventFiringWebDriver.java:82)
	at com.sun.proxy.$Proxy5.onException(Unknown Source)
	at org.openqa.selenium.support.events.EventFiringWebDriver$2.invoke(EventFiringWebDriver.java:107)
	at com.sun.proxy.$Proxy6.getScreenshotAs(Unknown Source)
	at org.openqa.selenium.support.events.EventFiringWebDriver.getScreenshotAs(EventFiringWebDriver.java:288)
	at com.crm.utils.TestUtil.takeScreenshotAtEndOfTest(TestUtil.java:65)
	at com.crm.utils.WebEventListener.onException(WebEventListener.java:71)
	at sun.reflect.GeneratedMethodAccessor1.invoke(Unknown Source)
	at sun.reflect.DelegatingMethodAccessorImpl.invoke(DelegatingMethodAccessorImpl.java:43)
	at java.lang.reflect.Method.invoke(Method.java:498)
	at org.openqa.selenium.support.events.EventFiringWebDriver$1.invoke(EventFiringWebDriver.java:82)
	at com.sun.proxy.$Proxy5.onException(Unknown Source)
	at org.openqa.selenium.support.events.EventFiringWebDriver$2.invoke(EventFiringWebDriver.java:107)
	at com.sun.proxy.$Proxy6.getScreenshotAs(Unknown Source)
	at org.openqa.selenium.support.events.EventFiringWebDriver.getScreenshotAs(EventFiringWebDriver.java:288)
	at com.crm.utils.TestUtil.takeScreenshotAtEndOfTest(TestUtil.java:65)
	at com.crm.utils.WebEventListener.onException(WebEventListener.java:71)
	at sun.reflect.GeneratedMethodAccessor1.invoke(Unknown Source)
	at sun.reflect.DelegatingMethodAccessorImpl.invoke(DelegatingMethodAccessorImpl.java:43)
	at java.lang.reflect.Method.invoke(Method.java:498)
	at org.openqa.selenium.support.events.EventFiringWebDriver$1.invoke(EventFiringWebDriver.java:82)
	at com.sun.proxy.$Proxy5.onException(Unknown Source)
	at org.openqa.selenium.support.events.EventFiringWebDriver$2.invoke(EventFiringWebDriver.java:107)
	at com.sun.proxy.$Proxy6.getScreenshotAs(Unknown Source)
	at org.openqa.selenium.support.events.EventFiringWebDriver.getScreenshotAs(EventFiringWebDriver.java:288)
	at com.crm.utils.TestUtil.takeScreenshotAtEndOfTest(TestUtil.java:65)
	at com.crm.utils.WebEventListener.onException(WebEventListener.java:71)
	at sun.reflect.GeneratedMethodAccessor1.invoke(Unknown Source)
	at sun.reflect.DelegatingMethodAccessorImpl.invoke(DelegatingMethodAccessorImpl.java:43)
	at java.lang.reflect.Method.invoke(Method.java:498)
	at org.openqa.selenium.support.events.EventFiringWebDriver$1.invoke(EventFiringWebDriver.java:82)
	at com.sun.proxy.$Proxy5.onException(Unknown Source)
	at org.openqa.selenium.support.events.EventFiringWebDriver$2.invoke(EventFiringWebDriver.java:107)
	at com.sun.proxy.$Proxy6.getScreenshotAs(Unknown Source)
	at org.openqa.selenium.support.events.EventFiringWebDriver.getScreenshotAs(EventFiringWebDriver.java:288)
	at com.crm.utils.TestUtil.takeScreenshotAtEndOfTest(TestUtil.java:65)
	at com.crm.utils.WebEventListener.onException(WebEventListener.java:71)
	at sun.reflect.GeneratedMethodAccessor1.invoke(Unknown Source)
	at sun.reflect.DelegatingMethodAccessorImpl.invoke(DelegatingMethodAccessorImpl.java:43)
	at java.lang.reflect.Method.invoke(Method.java:498)
	at org.openqa.selenium.support.events.EventFiringWebDriver$1.invoke(EventFiringWebDriver.java:82)
	at com.sun.proxy.$Proxy5.onException(Unknown Source)
	at org.openqa.selenium.support.events.EventFiringWebDriver$2.invoke(EventFiringWebDriver.java:107)
	at com.sun.proxy.$Proxy6.getScreenshotAs(Unknown Source)
	at org.openqa.selenium.support.events.EventFiringWebDriver.getScreenshotAs(EventFiringWebDriver.java:288)
	at com.crm.utils.TestUtil.takeScreenshotAtEndOfTest(TestUtil.java:65)
	at com.crm.utils.WebEventListener.onException(WebEventListener.java:71)
	at sun.reflect.GeneratedMethodAccessor1.invoke(Unknown Source)
	at sun.reflect.DelegatingMethodAccessorImpl.invoke(DelegatingMethodAccessorImpl.java:43)
	at java.lang.reflect.Method.invoke(Method.java:498)
	at org.openqa.selenium.support.events.EventFiringWebDriver$1.invoke(EventFiringWebDriver.java:82)
	at com.sun.proxy.$Proxy5.onException(Unknown Source)
	at org.openqa.selenium.support.events.EventFiringWebDriver$2.invoke(EventFiringWebDriver.java:107)
	at com.sun.proxy.$Proxy6.getScreenshotAs(Unknown Source)
	at org.openqa.selenium.support.events.EventFiringWebDriver.getScreenshotAs(EventFiringWebDriver.java:288)
	at com.crm.utils.TestUtil.takeScreenshotAtEndOfTest(TestUtil.java:65)
	at com.crm.utils.WebEventListener.onException(WebEventListener.java:71)
	at sun.reflect.GeneratedMethodAccessor1.invoke(Unknown Source)
	at sun.reflect.DelegatingMethodAccessorImpl.invoke(DelegatingMethodAccessorImpl.java:43)
	at java.lang.reflect.Method.invoke(Method.java:498)
	at org.openqa.selenium.support.events.EventFiringWebDriver$1.invoke(EventFiringWebDriver.java:82)
	at com.sun.proxy.$Proxy5.onException(Unknown Source)
	at org.openqa.selenium.support.events.EventFiringWebDriver$2.invoke(EventFiringWebDriver.java:107)
	at com.sun.proxy.$Proxy6.getScreenshotAs(Unknown Source)
	at org.openqa.selenium.support.events.EventFiringWebDriver.getScreenshotAs(EventFiringWebDriver.java:288)
	at com.crm.utils.TestUtil.takeScreenshotAtEndOfTest(TestUtil.java:65)
	at com.crm.utils.WebEventListener.onException(WebEventListener.java:71)
	at sun.reflect.GeneratedMethodAccessor1.invoke(Unknown Source)
	at sun.reflect.DelegatingMethodAccessorImpl.invoke(DelegatingMethodAccessorImpl.java:43)
	at java.lang.reflect.Method.invoke(Method.java:498)
	at org.openqa.selenium.support.events.EventFiringWebDriver$1.invoke(EventFiringWebDriver.java:82)
	at com.sun.proxy.$Proxy5.onException(Unknown Source)
	at org.openqa.selenium.support.events.EventFiringWebDriver$2.invoke(EventFiringWebDriver.java:107)
	at com.sun.proxy.$Proxy6.getScreenshotAs(Unknown Source)
	at org.openqa.selenium.support.events.EventFiringWebDriver.getScreenshotAs(EventFiringWebDriver.java:288)
	at com.crm.utils.TestUtil.takeScreenshotAtEndOfTest(TestUtil.java:65)
	at com.crm.utils.WebEventListener.onException(WebEventListener.java:71)
	at sun.reflect.GeneratedMethodAccessor1.invoke(Unknown Source)
	at sun.reflect.DelegatingMethodAccessorImpl.invoke(DelegatingMethodAccessorImpl.java:43)
	at java.lang.reflect.Method.invoke(Method.java:498)
	at org.openqa.selenium.support.events.EventFiringWebDriver$1.invoke(EventFiringWebDriver.java:82)
	at com.sun.proxy.$Proxy5.onException(Unknown Source)
	at org.openqa.selenium.support.events.EventFiringWebDriver$2.invoke(EventFiringWebDriver.java:107)
	at com.sun.proxy.$Proxy6.getScreenshotAs(Unknown Source)
	at org.openqa.selenium.support.events.EventFiringWebDriver.getScreenshotAs(EventFiringWebDriver.java:288)
	at com.crm.utils.TestUtil.takeScreenshotAtEndOfTest(TestUtil.java:65)
	at com.crm.utils.WebEventListener.onException(WebEventListener.java:71)
	at sun.reflect.GeneratedMethodAccessor1.invoke(Unknown Source)
	at sun.reflect.DelegatingMethodAccessorImpl.invoke(DelegatingMethodAccessorImpl.java:43)
	at java.lang.reflect.Method.invoke(Method.java:498)
	at org.openqa.selenium.support.events.EventFiringWebDriver$1.invoke(EventFiringWebDriver.java:82)
	at com.sun.proxy.$Proxy5.onException(Unknown Source)
	at org.openqa.selenium.support.events.EventFiringWebDriver$2.invoke(EventFiringWebDriver.java:107)
	at com.sun.proxy.$Proxy6.getScreenshotAs(Unknown Source)
	at org.openqa.selenium.support.events.EventFiringWebDriver.getScreenshotAs(EventFiringWebDriver.java:288)
	at com.crm.utils.TestUtil.takeScreenshotAtEndOfTest(TestUtil.java:65)
	at com.crm.utils.WebEventListener.onException(WebEventListener.java:71)
	at sun.reflect.GeneratedMethodAccessor1.invoke(Unknown Source)
	at sun.reflect.DelegatingMethodAccessorImpl.invoke(DelegatingMethodAccessorImpl.java:43)
	at java.lang.reflect.Method.invoke(Method.java:498)
	at org.openqa.selenium.support.events.EventFiringWebDriver$1.invoke(EventFiringWebDriver.java:82)
	at com.sun.proxy.$Proxy5.onException(Unknown Source)
	at org.openqa.selenium.support.events.EventFiringWebDriver$2.invoke(EventFiringWebDriver.java:107)
	at com.sun.proxy.$Proxy6.getScreenshotAs(Unknown Source)
	at org.openqa.selenium.support.events.EventFiringWebDriver.getScreenshotAs(EventFiringWebDriver.java:288)
	at com.crm.utils.TestUtil.takeScreenshotAtEndOfTest(TestUtil.java:65)
	at com.crm.utils.WebEventListener.onException(WebEventListener.java:71)
	at sun.reflect.GeneratedMethodAccessor1.invoke(Unknown Source)
	at sun.reflect.DelegatingMethodAccessorImpl.invoke(DelegatingMethodAccessorImpl.java:43)
	at java.lang.reflect.Method.invoke(Method.java:498)
	at org.openqa.selenium.support.events.EventFiringWebDriver$1.invoke(EventFiringWebDriver.java:82)
	at com.sun.proxy.$Proxy5.onException(Unknown Source)
	at org.openqa.selenium.support.events.EventFiringWebDriver$2.invoke(EventFiringWebDriver.java:107)
	at com.sun.proxy.$Proxy6.getScreenshotAs(Unknown Source)
	at org.openqa.selenium.support.events.EventFiringWebDriver.getScreenshotAs(EventFiringWebDriver.java:288)
	at com.crm.utils.TestUtil.takeScreenshotAtEndOfTest(TestUtil.java:65)
	at com.crm.utils.WebEventListener.onException(WebEventListener.java:71)
	at sun.reflect.GeneratedMethodAccessor1.invoke(Unknown Source)
	at sun.reflect.DelegatingMethodAccessorImpl.invoke(DelegatingMethodAccessorImpl.java:43)
	at java.lang.reflect.Method.invoke(Method.java:498)
	at org.openqa.selenium.support.events.EventFiringWebDriver$1.invoke(EventFiringWebDriver.java:82)
	at com.sun.proxy.$Proxy5.onException(Unknown Source)
	at org.openqa.selenium.support.events.EventFiringWebDriver$2.invoke(EventFiringWebDriver.java:107)
	at com.sun.proxy.$Proxy6.getScreenshotAs(Unknown Source)
	at org.openqa.selenium.support.events.EventFiringWebDriver.getScreenshotAs(EventFiringWebDriver.java:288)
	at com.crm.utils.TestUtil.takeScreenshotAtEndOfTest(TestUtil.java:65)
	at com.crm.utils.WebEventListener.onException(WebEventListener.java:71)
	at sun.reflect.GeneratedMethodAccessor1.invoke(Unknown Source)
	at sun.reflect.DelegatingMethodAccessorImpl.invoke(DelegatingMethodAccessorImpl.java:43)
	at java.lang.reflect.Method.invoke(Method.java:498)
	at org.openqa.selenium.support.events.EventFiringWebDriver$1.invoke(EventFiringWebDriver.java:82)
	at com.sun.proxy.$Proxy5.onException(Unknown Source)
	at org.openqa.selenium.support.events.EventFiringWebDriver$2.invoke(EventFiringWebDriver.java:107)
	at com.sun.proxy.$Proxy6.getScreenshotAs(Unknown Source)
	at org.openqa.selenium.support.events.EventFiringWebDriver.getScreenshotAs(EventFiringWebDriver.java:288)
	at com.crm.utils.TestUtil.takeScreenshotAtEndOfTest(TestUtil.java:65)
	at com.crm.utils.WebEventListener.onException(WebEventListener.java:71)
	at sun.reflect.GeneratedMethodAccessor1.invoke(Unknown Source)
	at sun.reflect.DelegatingMethodAccessorImpl.invoke(DelegatingMethodAccessorImpl.java:43)
	at java.lang.reflect.Method.invoke(Method.java:498)
	at org.openqa.selenium.support.events.EventFiringWebDriver$1.invoke(EventFiringWebDriver.java:82)
	at com.sun.proxy.$Proxy5.onException(Unknown Source)
	at org.openqa.selenium.support.events.EventFiringWebDriver$2.invoke(EventFiringWebDriver.java:107)
	at com.sun.proxy.$Proxy6.getScreenshotAs(Unknown Source)
	at org.openqa.selenium.support.events.EventFiringWebDriver.getScreenshotAs(EventFiringWebDriver.java:288)
	at com.crm.utils.TestUtil.takeScreenshotAtEndOfTest(TestUtil.java:65)
	at com.crm.utils.WebEventListener.onException(WebEventListener.java:71)
	at sun.reflect.GeneratedMethodAccessor1.invoke(Unknown Source)
	at sun.reflect.DelegatingMethodAccessorImpl.invoke(DelegatingMethodAccessorImpl.java:43)
	at java.lang.reflect.Method.invoke(Method.java:498)
	at org.openqa.selenium.support.events.EventFiringWebDriver$1.invoke(EventFiringWebDriver.java:82)
	at com.sun.proxy.$Proxy5.onException(Unknown Source)
	at org.openqa.selenium.support.events.EventFiringWebDriver$2.invoke(EventFiringWebDriver.java:107)
	at com.sun.proxy.$Proxy6.getScreenshotAs(Unknown Source)
	at org.openqa.selenium.support.events.EventFiringWebDriver.getScreenshotAs(EventFiringWebDriver.java:288)
	at com.crm.utils.TestUtil.takeScreenshotAtEndOfTest(TestUtil.java:65)
	at com.crm.utils.WebEventListener.onException(WebEventListener.java:71)
	at sun.reflect.GeneratedMethodAccessor1.invoke(Unknown Source)
	at sun.reflect.DelegatingMethodAccessorImpl.invoke(DelegatingMethodAccessorImpl.java:43)
	at java.lang.reflect.Method.invoke(Method.java:498)
	at org.openqa.selenium.support.events.EventFiringWebDriver$1.invoke(EventFiringWebDriver.java:82)
	at com.sun.proxy.$Proxy5.onException(Unknown Source)
	at org.openqa.selenium.support.events.EventFiringWebDriver$2.invoke(EventFiringWebDriver.java:107)
	at com.sun.proxy.$Proxy6.getScreenshotAs(Unknown Source)
	at org.openqa.selenium.support.events.EventFiringWebDriver.getScreenshotAs(EventFiringWebDriver.java:288)
	at com.crm.utils.TestUtil.takeScreenshotAtEndOfTest(TestUtil.java:65)
	at com.crm.utils.WebEventListener.onException(WebEventListener.java:71)
	at sun.reflect.GeneratedMethodAccessor1.invoke(Unknown Source)
	at sun.reflect.DelegatingMethodAccessorImpl.invoke(DelegatingMethodAccessorImpl.java:43)
	at java.lang.reflect.Method.invoke(Method.java:498)
	at org.openqa.selenium.support.events.EventFiringWebDriver$1.invoke(EventFiringWebDriver.java:82)
	at com.sun.proxy.$Proxy5.onException(Unknown Source)
	at org.openqa.selenium.support.events.EventFiringWebDriver$2.invoke(EventFiringWebDriver.java:107)
	at com.sun.proxy.$Proxy6.getScreenshotAs(Unknown Source)
	at org.openqa.selenium.support.events.EventFiringWebDriver.getScreenshotAs(EventFiringWebDriver.java:288)
	at com.crm.utils.TestUtil.takeScreenshotAtEndOfTest(TestUtil.java:65)
	at com.crm.utils.WebEventListener.onException(WebEventListener.java:71)
	at sun.reflect.GeneratedMethodAccessor1.invoke(Unknown Source)
	at sun.reflect.DelegatingMethodAccessorImpl.invoke(DelegatingMethodAccessorImpl.java:43)
	at java.lang.reflect.Method.invoke(Method.java:498)
	at org.openqa.selenium.support.events.EventFiringWebDriver$1.invoke(EventFiringWebDriver.java:82)
	at com.sun.proxy.$Proxy5.onException(Unknown Source)
	at org.openqa.selenium.support.events.EventFiringWebDriver$2.invoke(EventFiringWebDriver.java:107)
	at com.sun.proxy.$Proxy6.getScreenshotAs(Unknown Source)
	at org.openqa.selenium.support.events.EventFiringWebDriver.getScreenshotAs(EventFiringWebDriver.java:288)
	at com.crm.utils.TestUtil.takeScreenshotAtEndOfTest(TestUtil.java:65)
	at com.crm.utils.WebEventListener.onException(WebEventListener.java:71)
	at sun.reflect.GeneratedMethodAccessor1.invoke(Unknown Source)
	at sun.reflect.DelegatingMethodAccessorImpl.invoke(DelegatingMethodAccessorImpl.java:43)
	at java.lang.reflect.Method.invoke(Method.java:498)
	at org.openqa.selenium.support.events.EventFiringWebDriver$1.invoke(EventFiringWebDriver.java:82)
	at com.sun.proxy.$Proxy5.onException(Unknown Source)
	at org.openqa.selenium.support.events.EventFiringWebDriver$2.invoke(EventFiringWebDriver.java:107)
	at com.sun.proxy.$Proxy6.getScreenshotAs(Unknown Source)
	at org.openqa.selenium.support.events.EventFiringWebDriver.getScreenshotAs(EventFiringWebDriver.java:288)
	at com.crm.utils.TestUtil.takeScreenshotAtEndOfTest(TestUtil.java:65)
	at com.crm.utils.WebEventListener.onException(WebEventListener.java:71)
	at sun.reflect.GeneratedMethodAccessor1.invoke(Unknown Source)
	at sun.reflect.DelegatingMethodAccessorImpl.invoke(DelegatingMethodAccessorImpl.java:43)
	at java.lang.reflect.Method.invoke(Method.java:498)
	at org.openqa.selenium.support.events.EventFiringWebDriver$1.invoke(EventFiringWebDriver.java:82)
	at com.sun.proxy.$Proxy5.onException(Unknown Source)
	at org.openqa.selenium.support.events.EventFiringWebDriver$2.invoke(EventFiringWebDriver.java:107)
	at com.sun.proxy.$Proxy6.getScreenshotAs(Unknown Source)
	at org.openqa.selenium.support.events.EventFiringWebDriver.getScreenshotAs(EventFiringWebDriver.java:288)
	at com.crm.utils.TestUtil.takeScreenshotAtEndOfTest(TestUtil.java:65)
	at com.crm.utils.WebEventListener.onException(WebEventListener.java:71)
	at sun.reflect.GeneratedMethodAccessor1.invoke(Unknown Source)
	at sun.reflect.DelegatingMethodAccessorImpl.invoke(DelegatingMethodAccessorImpl.java:43)
	at java.lang.reflect.Method.invoke(Method.java:498)
	at org.openqa.selenium.support.events.EventFiringWebDriver$1.invoke(EventFiringWebDriver.java:82)
	at com.sun.proxy.$Proxy5.onException(Unknown Source)
	at org.openqa.selenium.support.events.EventFiringWebDriver$2.invoke(EventFiringWebDriver.java:107)
	at com.sun.proxy.$Proxy6.getScreenshotAs(Unknown Source)
	at org.openqa.selenium.support.events.EventFiringWebDriver.getScreenshotAs(EventFiringWebDriver.java:288)
	at com.crm.utils.TestUtil.takeScreenshotAtEndOfTest(TestUtil.java:65)
	at com.crm.utils.WebEventListener.onException(WebEventListener.java:71)
	at sun.reflect.GeneratedMethodAccessor1.invoke(Unknown Source)
	at sun.reflect.DelegatingMethodAccessorImpl.invoke(DelegatingMethodAccessorImpl.java:43)
	at java.lang.reflect.Method.invoke(Method.java:498)
	at org.openqa.selenium.support.events.EventFiringWebDriver$1.invoke(EventFiringWebDriver.java:82)
	at com.sun.proxy.$Proxy5.onException(Unknown Source)
	at org.openqa.selenium.support.events.EventFiringWebDriver$2.invoke(EventFiringWebDriver.java:107)
	at com.sun.proxy.$Proxy6.getScreenshotAs(Unknown Source)
	at org.openqa.selenium.support.events.EventFiringWebDriver.getScreenshotAs(EventFiringWebDriver.java:288)
	at com.crm.utils.TestUtil.takeScreenshotAtEndOfTest(TestUtil.java:65)
	at com.crm.utils.WebEventListener.onException(WebEventListener.java:71)
	at sun.reflect.GeneratedMethodAccessor1.invoke(Unknown Source)
	at sun.reflect.DelegatingMethodAccessorImpl.invoke(DelegatingMethodAccessorImpl.java:43)
	at java.lang.reflect.Method.invoke(Method.java:498)
	at org.openqa.selenium.support.events.EventFiringWebDriver$1.invoke(EventFiringWebDriver.java:82)
	at com.sun.proxy.$Proxy5.onException(Unknown Source)
	at org.openqa.selenium.support.events.EventFiringWebDriver$2.invoke(EventFiringWebDriver.java:107)
	at com.sun.proxy.$Proxy6.getScreenshotAs(Unknown Source)
	at org.openqa.selenium.support.events.EventFiringWebDriver.getScreenshotAs(EventFiringWebDriver.java:288)
	at com.crm.utils.TestUtil.takeScreenshotAtEndOfTest(TestUtil.java:65)
	at com.crm.utils.WebEventListener.onException(WebEventListener.java:71)
	at sun.reflect.GeneratedMethodAccessor1.invoke(Unknown Source)
	at sun.reflect.DelegatingMethodAccessorImpl.invoke(DelegatingMethodAccessorImpl.java:43)
	at java.lang.reflect.Method.invoke(Method.java:498)
	at org.openqa.selenium.support.events.EventFiringWebDriver$1.invoke(EventFiringWebDriver.java:82)
	at com.sun.proxy.$Proxy5.onException(Unknown Source)
	at org.openqa.selenium.support.events.EventFiringWebDriver$2.invoke(EventFiringWebDriver.java:107)
	at com.sun.proxy.$Proxy6.getScreenshotAs(Unknown Source)
	at org.openqa.selenium.support.events.EventFiringWebDriver.getScreenshotAs(EventFiringWebDriver.java:288)
	at com.crm.utils.TestUtil.takeScreenshotAtEndOfTest(TestUtil.java:65)
	at com.crm.utils.WebEventListener.onException(WebEventListener.java:71)
	at sun.reflect.GeneratedMethodAccessor1.invoke(Unknown Source)
	at sun.reflect.DelegatingMethodAccessorImpl.invoke(DelegatingMethodAccessorImpl.java:43)
	at java.lang.reflect.Method.invoke(Method.java:498)
	at org.openqa.selenium.support.events.EventFiringWebDriver$1.invoke(EventFiringWebDriver.java:82)
	at com.sun.proxy.$Proxy5.onException(Unknown Source)
	at org.openqa.selenium.support.events.EventFiringWebDriver$2.invoke(EventFiringWebDriver.java:107)
	at com.sun.proxy.$Proxy6.getScreenshotAs(Unknown Source)
	at org.openqa.selenium.support.events.EventFiringWebDriver.getScreenshotAs(EventFiringWebDriver.java:288)
	at com.crm.utils.TestUtil.takeScreenshotAtEndOfTest(TestUtil.java:65)
	at com.crm.utils.WebEventListener.onException(WebEventListener.java:71)
	at sun.reflect.GeneratedMethodAccessor1.invoke(Unknown Source)
	at sun.reflect.DelegatingMethodAccessorImpl.invoke(DelegatingMethodAccessorImpl.java:43)
	at java.lang.reflect.Method.invoke(Method.java:498)
	at org.openqa.selenium.support.events.EventFiringWebDriver$1.invoke(EventFiringWebDriver.java:82)
	at com.sun.proxy.$Proxy5.onException(Unknown Source)
	at org.openqa.selenium.support.events.EventFiringWebDriver$2.invoke(EventFiringWebDriver.java:107)
	at com.sun.proxy.$Proxy6.getScreenshotAs(Unknown Source)
	at org.openqa.selenium.support.events.EventFiringWebDriver.getScreenshotAs(EventFiringWebDriver.java:288)
	at com.crm.utils.TestUtil.takeScreenshotAtEndOfTest(TestUtil.java:65)
	at com.crm.utils.WebEventListener.onException(WebEventListener.java:71)
	at sun.reflect.GeneratedMethodAccessor1.invoke(Unknown Source)
	at sun.reflect.DelegatingMethodAccessorImpl.invoke(DelegatingMethodAccessorImpl.java:43)
	at java.lang.reflect.Method.invoke(Method.java:498)
	at org.openqa.selenium.support.events.EventFiringWebDriver$1.invoke(EventFiringWebDriver.java:82)
	at com.sun.proxy.$Proxy5.onException(Unknown Source)
	at org.openqa.selenium.support.events.EventFiringWebDriver$2.invoke(EventFiringWebDriver.java:107)
	at com.sun.proxy.$Proxy6.getScreenshotAs(Unknown Source)
	at org.openqa.selenium.support.events.EventFiringWebDriver.getScreenshotAs(EventFiringWebDriver.java:288)
	at com.crm.utils.TestUtil.takeScreenshotAtEndOfTest(TestUtil.java:65)
	at com.crm.utils.WebEventListener.onException(WebEventListener.java:71)
	at sun.reflect.GeneratedMethodAccessor1.invoke(Unknown Source)
	at sun.reflect.DelegatingMethodAccessorImpl.invoke(DelegatingMethodAccessorImpl.java:43)
	at java.lang.reflect.Method.invoke(Method.java:498)
	at org.openqa.selenium.support.events.EventFiringWebDriver$1.invoke(EventFiringWebDriver.java:82)
	at com.sun.proxy.$Proxy5.onException(Unknown Source)
	at org.openqa.selenium.support.events.EventFiringWebDriver$2.invoke(EventFiringWebDriver.java:107)
	at com.sun.proxy.$Proxy6.getScreenshotAs(Unknown Source)
	at org.openqa.selenium.support.events.EventFiringWebDriver.getScreenshotAs(EventFiringWebDriver.java:288)
	at com.crm.utils.TestUtil.takeScreenshotAtEndOfTest(TestUtil.java:65)
	at com.crm.utils.WebEventListener.onException(WebEventListener.java:71)
	at sun.reflect.GeneratedMethodAccessor1.invoke(Unknown Source)
	at sun.reflect.DelegatingMethodAccessorImpl.invoke(DelegatingMethodAccessorImpl.java:43)
	at java.lang.reflect.Method.invoke(Method.java:498)
	at org.openqa.selenium.support.events.EventFiringWebDriver$1.invoke(EventFiringWebDriver.java:82)
	at com.sun.proxy.$Proxy5.onException(Unknown Source)
	at org.openqa.selenium.support.events.EventFiringWebDriver$2.invoke(EventFiringWebDriver.java:107)
	at com.sun.proxy.$Proxy6.getScreenshotAs(Unknown Source)
	at org.openqa.selenium.support.events.EventFiringWebDriver.getScreenshotAs(EventFiringWebDriver.java:288)
	at com.crm.utils.TestUtil.takeScreenshotAtEndOfTest(TestUtil.java:65)
	at com.crm.utils.WebEventListener.onException(WebEventListener.java:71)
	at sun.reflect.GeneratedMethodAccessor1.invoke(Unknown Source)
	at sun.reflect.DelegatingMethodAccessorImpl.invoke(DelegatingMethodAccessorImpl.java:43)
	at java.lang.reflect.Method.invoke(Method.java:498)
	at org.openqa.selenium.support.events.EventFiringWebDriver$1.invoke(EventFiringWebDriver.java:82)
	at com.sun.proxy.$Proxy5.onException(Unknown Source)
	at org.openqa.selenium.support.events.EventFiringWebDriver$2.invoke(EventFiringWebDriver.java:107)
	at com.sun.proxy.$Proxy6.getScreenshotAs(Unknown Source)
	at org.openqa.selenium.support.events.EventFiringWebDriver.getScreenshotAs(EventFiringWebDriver.java:288)
	at com.crm.utils.TestUtil.takeScreenshotAtEndOfTest(TestUtil.java:65)
	at com.crm.utils.WebEventListener.onException(WebEventListener.java:71)
	at sun.reflect.GeneratedMethodAccessor1.invoke(Unknown Source)
	at sun.reflect.DelegatingMethodAccessorImpl.invoke(DelegatingMethodAccessorImpl.java:43)
	at java.lang.reflect.Method.invoke(Method.java:498)
	at org.openqa.selenium.support.events.EventFiringWebDriver$1.invoke(EventFiringWebDriver.java:82)
	at com.sun.proxy.$Proxy5.onException(Unknown Source)
	at org.openqa.selenium.support.events.EventFiringWebDriver$2.invoke(EventFiringWebDriver.java:107)
	at com.sun.proxy.$Proxy6.getScreenshotAs(Unknown Source)
	at org.openqa.selenium.support.events.EventFiringWebDriver.getScreenshotAs(EventFiringWebDriver.java:288)
	at com.crm.utils.TestUtil.takeScreenshotAtEndOfTest(TestUtil.java:65)
	at com.crm.utils.WebEventListener.onException(WebEventListener.java:71)
	at sun.reflect.GeneratedMethodAccessor1.invoke(Unknown Source)
	at sun.reflect.DelegatingMethodAccessorImpl.invoke(DelegatingMethodAccessorImpl.java:43)
	at java.lang.reflect.Method.invoke(Method.java:498)
	at org.openqa.selenium.support.events.EventFiringWebDriver$1.invoke(EventFiringWebDriver.java:82)
	at com.sun.proxy.$Proxy5.onException(Unknown Source)
	at org.openqa.selenium.support.events.EventFiringWebDriver$2.invoke(EventFiringWebDriver.java:107)
	at com.sun.proxy.$Proxy6.getScreenshotAs(Unknown Source)
	at org.openqa.selenium.support.events.EventFiringWebDriver.getScreenshotAs(EventFiringWebDriver.java:288)
	at com.crm.utils.TestUtil.takeScreenshotAtEndOfTest(TestUtil.java:65)
	at com.crm.utils.WebEventListener.onException(WebEventListener.java:71)
	at sun.reflect.GeneratedMethodAccessor1.invoke(Unknown Source)
	at sun.reflect.DelegatingMethodAccessorImpl.invoke(DelegatingMethodAccessorImpl.java:43)
	at java.lang.reflect.Method.invoke(Method.java:498)
	at org.openqa.selenium.support.events.EventFiringWebDriver$1.invoke(EventFiringWebDriver.java:82)
	at com.sun.proxy.$Proxy5.onException(Unknown Source)
	at org.openqa.selenium.support.events.EventFiringWebDriver$2.invoke(EventFiringWebDriver.java:107)
	at com.sun.proxy.$Proxy6.getScreenshotAs(Unknown Source)
	at org.openqa.selenium.support.events.EventFiringWebDriver.getScreenshotAs(EventFiringWebDriver.java:288)
	at com.crm.utils.TestUtil.takeScreenshotAtEndOfTest(TestUtil.java:65)
	at com.crm.utils.WebEventListener.onException(WebEventListener.java:71)
	at sun.reflect.GeneratedMethodAccessor1.invoke(Unknown Source)
	at sun.reflect.DelegatingMethodAccessorImpl.invoke(DelegatingMethodAccessorImpl.java:43)
	at java.lang.reflect.Method.invoke(Method.java:498)
	at org.openqa.selenium.support.events.EventFiringWebDriver$1.invoke(EventFiringWebDriver.java:82)
	at com.sun.proxy.$Proxy5.onException(Unknown Source)
	at org.openqa.selenium.support.events.EventFiringWebDriver$2.invoke(EventFiringWebDriver.java:107)
	at com.sun.proxy.$Proxy6.getScreenshotAs(Unknown Source)
	at org.openqa.selenium.support.events.EventFiringWebDriver.getScreenshotAs(EventFiringWebDriver.java:288)
	at com.crm.utils.TestUtil.takeScreenshotAtEndOfTest(TestUtil.java:65)
	at com.crm.utils.WebEventListener.onException(WebEventListener.java:71)
	at sun.reflect.GeneratedMethodAccessor1.invoke(Unknown Source)
	at sun.reflect.DelegatingMethodAccessorImpl.invoke(DelegatingMethodAccessorImpl.java:43)
	at java.lang.reflect.Method.invoke(Method.java:498)
	at org.openqa.selenium.support.events.EventFiringWebDriver$1.invoke(EventFiringWebDriver.java:82)
	at com.sun.proxy.$Proxy5.onException(Unknown Source)
	at org.openqa.selenium.support.events.EventFiringWebDriver$2.invoke(EventFiringWebDriver.java:107)
	at com.sun.proxy.$Proxy6.getScreenshotAs(Unknown Source)
	at org.openqa.selenium.support.events.EventFiringWebDriver.getScreenshotAs(EventFiringWebDriver.java:288)
	at com.crm.utils.TestUtil.takeScreenshotAtEndOfTest(TestUtil.java:65)
	at com.crm.utils.WebEventListener.onException(WebEventListener.java:71)
	at sun.reflect.GeneratedMethodAccessor1.invoke(Unknown Source)
	at sun.reflect.DelegatingMethodAccessorImpl.invoke(DelegatingMethodAccessorImpl.java:43)
	at java.lang.reflect.Method.invoke(Method.java:498)
	at org.openqa.selenium.support.events.EventFiringWebDriver$1.invoke(EventFiringWebDriver.java:82)
	at com.sun.proxy.$Proxy5.onException(Unknown Source)
	at org.openqa.selenium.support.events.EventFiringWebDriver$2.invoke(EventFiringWebDriver.java:107)
	at com.sun.proxy.$Proxy6.getScreenshotAs(Unknown Source)
	at org.openqa.selenium.support.events.EventFiringWebDriver.getScreenshotAs(EventFiringWebDriver.java:288)
	at com.crm.utils.TestUtil.takeScreenshotAtEndOfTest(TestUtil.java:65)
	at com.crm.utils.WebEventListener.onException(WebEventListener.java:71)
	at sun.reflect.GeneratedMethodAccessor1.invoke(Unknown Source)
	at sun.reflect.DelegatingMethodAccessorImpl.invoke(DelegatingMethodAccessorImpl.java:43)
	at java.lang.reflect.Method.invoke(Method.java:498)
	at org.openqa.selenium.support.events.EventFiringWebDriver$1.invoke(EventFiringWebDriver.java:82)
	at com.sun.proxy.$Proxy5.onException(Unknown Source)
	at org.openqa.selenium.support.events.EventFiringWebDriver$2.invoke(EventFiringWebDriver.java:107)
	at com.sun.proxy.$Proxy6.getScreenshotAs(Unknown Source)
	at org.openqa.selenium.support.events.EventFiringWebDriver.getScreenshotAs(EventFiringWebDriver.java:288)
	at com.crm.utils.TestUtil.takeScreenshotAtEndOfTest(TestUtil.java:65)
	at com.crm.utils.WebEventListener.onException(WebEventListener.java:71)
	at sun.reflect.GeneratedMethodAccessor1.invoke(Unknown Source)
	at sun.reflect.DelegatingMethodAccessorImpl.invoke(DelegatingMethodAccessorImpl.java:43)
	at java.lang.reflect.Method.invoke(Method.java:498)
	at org.openqa.selenium.support.events.EventFiringWebDriver$1.invoke(EventFiringWebDriver.java:82)
	at com.sun.proxy.$Proxy5.onException(Unknown Source)
	at org.openqa.selenium.support.events.EventFiringWebDriver$2.invoke(EventFiringWebDriver.java:107)
	at com.sun.proxy.$Proxy6.getScreenshotAs(Unknown Source)
	at org.openqa.selenium.support.events.EventFiringWebDriver.getScreenshotAs(EventFiringWebDriver.java:288)
	at com.crm.utils.TestUtil.takeScreenshotAtEndOfTest(TestUtil.java:65)
	at com.crm.utils.WebEventListener.onException(WebEventListener.java:71)
	at sun.reflect.GeneratedMethodAccessor1.invoke(Unknown Source)
	at sun.reflect.DelegatingMethodAccessorImpl.invoke(DelegatingMethodAccessorImpl.java:43)
	at java.lang.reflect.Method.invoke(Method.java:498)
	at org.openqa.selenium.support.events.EventFiringWebDriver$1.invoke(EventFiringWebDriver.java:82)
	at com.sun.proxy.$Proxy5.onException(Unknown Source)
	at org.openqa.selenium.support.events.EventFiringWebDriver$2.invoke(EventFiringWebDriver.java:107)
	at com.sun.proxy.$Proxy6.getScreenshotAs(Unknown Source)
	at org.openqa.selenium.support.events.EventFiringWebDriver.getScreenshotAs(EventFiringWebDriver.java:288)
	at com.crm.utils.TestUtil.takeScreenshotAtEndOfTest(TestUtil.java:65)
	at com.crm.utils.WebEventListener.onException(WebEventListener.java:71)
	at sun.reflect.GeneratedMethodAccessor1.invoke(Unknown Source)
	at sun.reflect.DelegatingMethodAccessorImpl.invoke(DelegatingMethodAccessorImpl.java:43)
	at java.lang.reflect.Method.invoke(Method.java:498)
	at org.openqa.selenium.support.events.EventFiringWebDriver$1.invoke(EventFiringWebDriver.java:82)
	at com.sun.proxy.$Proxy5.onException(Unknown Source)
	at org.openqa.selenium.support.events.EventFiringWebDriver$2.invoke(EventFiringWebDriver.java:107)
	at com.sun.proxy.$Proxy6.getScreenshotAs(Unknown Source)
	at org.openqa.selenium.support.events.EventFiringWebDriver.getScreenshotAs(EventFiringWebDriver.java:288)
	at com.crm.utils.TestUtil.takeScreenshotAtEndOfTest(TestUtil.java:65)
	at com.crm.utils.WebEventListener.onException(WebEventListener.java:71)
	at sun.reflect.GeneratedMethodAccessor1.invoke(Unknown Source)
	at sun.reflect.DelegatingMethodAccessorImpl.invoke(DelegatingMethodAccessorImpl.java:43)
	at java.lang.reflect.Method.invoke(Method.java:498)
	at org.openqa.selenium.support.events.EventFiringWebDriver$1.invoke(EventFiringWebDriver.java:82)
	at com.sun.proxy.$Proxy5.onException(Unknown Source)
	at org.openqa.selenium.support.events.EventFiringWebDriver$2.invoke(EventFiringWebDriver.java:107)
	at com.sun.proxy.$Proxy6.getScreenshotAs(Unknown Source)
	at org.openqa.selenium.support.events.EventFiringWebDriver.getScreenshotAs(EventFiringWebDriver.java:288)
	at com.crm.utils.TestUtil.takeScreenshotAtEndOfTest(TestUtil.java:65)
	at com.crm.utils.WebEventListener.onException(WebEventListener.java:71)
	at sun.reflect.GeneratedMethodAccessor1.invoke(Unknown Source)
	at sun.reflect.DelegatingMethodAccessorImpl.invoke(DelegatingMethodAccessorImpl.java:43)
	at java.lang.reflect.Method.invoke(Method.java:498)
	at org.openqa.selenium.support.events.EventFiringWebDriver$1.invoke(EventFiringWebDriver.java:82)
	at com.sun.proxy.$Proxy5.onException(Unknown Source)
	at org.openqa.selenium.support.events.EventFiringWebDriver$2.invoke(EventFiringWebDriver.java:107)
	at com.sun.proxy.$Proxy6.getScreenshotAs(Unknown Source)
	at org.openqa.selenium.support.events.EventFiringWebDriver.getScreenshotAs(EventFiringWebDriver.java:288)
	at com.crm.utils.TestUtil.takeScreenshotAtEndOfTest(TestUtil.java:65)
	at com.crm.utils.WebEventListener.onException(WebEventListener.java:71)
	at sun.reflect.GeneratedMethodAccessor1.invoke(Unknown Source)
	at sun.reflect.DelegatingMethodAccessorImpl.invoke(DelegatingMethodAccessorImpl.java:43)
	at java.lang.reflect.Method.invoke(Method.java:498)
	at org.openqa.selenium.support.events.EventFiringWebDriver$1.invoke(EventFiringWebDriver.java:82)
	at com.sun.proxy.$Proxy5.onException(Unknown Source)
	at org.openqa.selenium.support.events.EventFiringWebDriver$2.invoke(EventFiringWebDriver.java:107)
	at com.sun.proxy.$Proxy6.getScreenshotAs(Unknown Source)
	at org.openqa.selenium.support.events.EventFiringWebDriver.getScreenshotAs(EventFiringWebDriver.java:288)
	at com.crm.utils.TestUtil.takeScreenshotAtEndOfTest(TestUtil.java:65)
	at com.crm.utils.WebEventListener.onException(WebEventListener.java:71)
	at sun.reflect.GeneratedMethodAccessor1.invoke(Unknown Source)
	at sun.reflect.DelegatingMethodAccessorImpl.invoke(DelegatingMethodAccessorImpl.java:43)
	at java.lang.reflect.Method.invoke(Method.java:498)
	at org.openqa.selenium.support.events.EventFiringWebDriver$1.invoke(EventFiringWebDriver.java:82)
	at com.sun.proxy.$Proxy5.onException(Unknown Source)
	at org.openqa.selenium.support.events.EventFiringWebDriver$2.invoke(EventFiringWebDriver.java:107)
	at com.sun.proxy.$Proxy6.getScreenshotAs(Unknown Source)
	at org.openqa.selenium.support.events.EventFiringWebDriver.getScreenshotAs(EventFiringWebDriver.java:288)
	at com.crm.utils.TestUtil.takeScreenshotAtEndOfTest(TestUtil.java:65)
	at com.crm.utils.WebEventListener.onException(WebEventListener.java:71)
	at sun.reflect.GeneratedMethodAccessor1.invoke(Unknown Source)
	at sun.reflect.DelegatingMethodAccessorImpl.invoke(DelegatingMethodAccessorImpl.java:43)
	at java.lang.reflect.Method.invoke(Method.java:498)
	at org.openqa.selenium.support.events.EventFiringWebDriver$1.invoke(EventFiringWebDriver.java:82)
	at com.sun.proxy.$Proxy5.onException(Unknown Source)
	at org.openqa.selenium.support.events.EventFiringWebDriver$2.invoke(EventFiringWebDriver.java:107)
	at com.sun.proxy.$Proxy6.getScreenshotAs(Unknown Source)
	at org.openqa.selenium.support.events.EventFiringWebDriver.getScreenshotAs(EventFiringWebDriver.java:288)
	at com.crm.utils.TestUtil.takeScreenshotAtEndOfTest(TestUtil.java:65)
	at com.crm.utils.WebEventListener.onException(WebEventListener.java:71)
	at sun.reflect.GeneratedMethodAccessor1.invoke(Unknown Source)
	at sun.reflect.DelegatingMethodAccessorImpl.invoke(DelegatingMethodAccessorImpl.java:43)
	at java.lang.reflect.Method.invoke(Method.java:498)
	at org.openqa.selenium.support.events.EventFiringWebDriver$1.invoke(EventFiringWebDriver.java:82)
	at com.sun.proxy.$Proxy5.onException(Unknown Source)
	at org.openqa.selenium.support.events.EventFiringWebDriver$2.invoke(EventFiringWebDriver.java:107)
	at com.sun.proxy.$Proxy6.getScreenshotAs(Unknown Source)
	at org.openqa.selenium.support.events.EventFiringWebDriver.getScreenshotAs(EventFiringWebDriver.java:288)
	at com.crm.utils.TestUtil.takeScreenshotAtEndOfTest(TestUtil.java:65)
	at com.crm.utils.WebEventListener.onException(WebEventListener.java:71)
	at sun.reflect.GeneratedMethodAccessor1.invoke(Unknown Source)
	at sun.reflect.DelegatingMethodAccessorImpl.invoke(DelegatingMethodAccessorImpl.java:43)
	at java.lang.reflect.Method.invoke(Method.java:498)
	at org.openqa.selenium.support.events.EventFiringWebDriver$1.invoke(EventFiringWebDriver.java:82)
	at com.sun.proxy.$Proxy5.onException(Unknown Source)
	at org.openqa.selenium.support.events.EventFiringWebDriver$2.invoke(EventFiringWebDriver.java:107)
	at com.sun.proxy.$Proxy6.getScreenshotAs(Unknown Source)
	at org.openqa.selenium.support.events.EventFiringWebDriver.getScreenshotAs(EventFiringWebDriver.java:288)
	at com.crm.utils.TestUtil.takeScreenshotAtEndOfTest(TestUtil.java:65)
	at com.crm.utils.WebEventListener.onException(WebEventListener.java:71)
	at sun.reflect.GeneratedMethodAccessor1.invoke(Unknown Source)
	at sun.reflect.DelegatingMethodAccessorImpl.invoke(DelegatingMethodAccessorImpl.java:43)
	at java.lang.reflect.Method.invoke(Method.java:498)
	at org.openqa.selenium.support.events.EventFiringWebDriver$1.invoke(EventFiringWebDriver.java:82)
	at com.sun.proxy.$Proxy5.onException(Unknown Source)
	at org.openqa.selenium.support.events.EventFiringWebDriver$2.invoke(EventFiringWebDriver.java:107)
	at com.sun.proxy.$Proxy6.getScreenshotAs(Unknown Source)
	at org.openqa.selenium.support.events.EventFiringWebDriver.getScreenshotAs(EventFiringWebDriver.java:288)
	at com.crm.utils.TestUtil.takeScreenshotAtEndOfTest(TestUtil.java:65)
	at com.crm.utils.WebEventListener.onException(WebEventListener.java:71)
	at sun.reflect.GeneratedMethodAccessor1.invoke(Unknown Source)
	at sun.reflect.DelegatingMethodAccessorImpl.invoke(DelegatingMethodAccessorImpl.java:43)
	at java.lang.reflect.Method.invoke(Method.java:498)
	at org.openqa.selenium.support.events.EventFiringWebDriver$1.invoke(EventFiringWebDriver.java:82)
	at com.sun.proxy.$Proxy5.onException(Unknown Source)
	at org.openqa.selenium.support.events.EventFiringWebDriver$2.invoke(EventFiringWebDriver.java:107)
	at com.sun.proxy.$Proxy6.getScreenshotAs(Unknown Source)
	at org.openqa.selenium.support.events.EventFiringWebDriver.getScreenshotAs(EventFiringWebDriver.java:288)
	at com.crm.utils.TestUtil.takeScreenshotAtEndOfTest(TestUtil.java:65)
	at com.crm.utils.WebEventListener.onException(WebEventListener.java:71)
	at sun.reflect.GeneratedMethodAccessor1.invoke(Unknown Source)
	at sun.reflect.DelegatingMethodAccessorImpl.invoke(DelegatingMethodAccessorImpl.java:43)
	at java.lang.reflect.Method.invoke(Method.java:498)
	at org.openqa.selenium.support.events.EventFiringWebDriver$1.invoke(EventFiringWebDriver.java:82)
	at com.sun.proxy.$Proxy5.onException(Unknown Source)
	at org.openqa.selenium.support.events.EventFiringWebDriver$2.invoke(EventFiringWebDriver.java:107)
	at com.sun.proxy.$Proxy6.getScreenshotAs(Unknown Source)
	at org.openqa.selenium.support.events.EventFiringWebDriver.getScreenshotAs(EventFiringWebDriver.java:288)
	at com.crm.utils.TestUtil.takeScreenshotAtEndOfTest(TestUtil.java:65)
	at com.crm.utils.WebEventListener.onException(WebEventListener.java:71)
	at sun.reflect.GeneratedMethodAccessor1.invoke(Unknown Source)
	at sun.reflect.DelegatingMethodAccessorImpl.invoke(DelegatingMethodAccessorImpl.java:43)
	at java.lang.reflect.Method.invoke(Method.java:498)
	at org.openqa.selenium.support.events.EventFiringWebDriver$1.invoke(EventFiringWebDriver.java:82)
	at com.sun.proxy.$Proxy5.onException(Unknown Source)
	at org.openqa.selenium.support.events.EventFiringWebDriver$2.invoke(EventFiringWebDriver.java:107)
	at com.sun.proxy.$Proxy6.getScreenshotAs(Unknown Source)
	at org.openqa.selenium.support.events.EventFiringWebDriver.getScreenshotAs(EventFiringWebDriver.java:288)
	at com.crm.utils.TestUtil.takeScreenshotAtEndOfTest(TestUtil.java:65)
	at com.crm.utils.WebEventListener.onException(WebEventListener.java:71)
	at sun.reflect.GeneratedMethodAccessor1.invoke(Unknown Source)
	at sun.reflect.DelegatingMethodAccessorImpl.invoke(DelegatingMethodAccessorImpl.java:43)
	at java.lang.reflect.Method.invoke(Method.java:498)
	at org.openqa.selenium.support.events.EventFiringWebDriver$1.invoke(EventFiringWebDriver.java:82)
	at com.sun.proxy.$Proxy5.onException(Unknown Source)
	at org.openqa.selenium.support.events.EventFiringWebDriver$2.invoke(EventFiringWebDriver.java:107)
	at com.sun.proxy.$Proxy6.getScreenshotAs(Unknown Source)
	at org.openqa.selenium.support.events.EventFiringWebDriver.getScreenshotAs(EventFiringWebDriver.java:288)
	at com.crm.utils.TestUtil.takeScreenshotAtEndOfTest(TestUtil.java:65)
	at com.crm.utils.WebEventListener.onException(WebEventListener.java:71)
	at sun.reflect.GeneratedMethodAccessor1.invoke(Unknown Source)
	at sun.reflect.DelegatingMethodAccessorImpl.invoke(DelegatingMethodAccessorImpl.java:43)
	at java.lang.reflect.Method.invoke(Method.java:498)
	at org.openqa.selenium.support.events.EventFiringWebDriver$1.invoke(EventFiringWebDriver.java:82)
	at com.sun.proxy.$Proxy5.onException(Unknown Source)
	at org.openqa.selenium.support.events.EventFiringWebDriver$2.invoke(EventFiringWebDriver.java:107)
	at com.sun.proxy.$Proxy6.getScreenshotAs(Unknown Source)
	at org.openqa.selenium.support.events.EventFiringWebDriver.getScreenshotAs(EventFiringWebDriver.java:288)
	at com.crm.utils.TestUtil.takeScreenshotAtEndOfTest(TestUtil.java:65)
	at com.crm.utils.WebEventListener.onException(WebEventListener.java:71)
	at sun.reflect.GeneratedMethodAccessor1.invoke(Unknown Source)
	at sun.reflect.DelegatingMethodAccessorImpl.invoke(DelegatingMethodAccessorImpl.java:43)
	at java.lang.reflect.Method.invoke(Method.java:498)
	at org.openqa.selenium.support.events.EventFiringWebDriver$1.invoke(EventFiringWebDriver.java:82)
	at com.sun.proxy.$Proxy5.onException(Unknown Source)
	at org.openqa.selenium.support.events.EventFiringWebDriver$2.invoke(EventFiringWebDriver.java:107)
	at com.sun.proxy.$Proxy6.getScreenshotAs(Unknown Source)
	at org.openqa.selenium.support.events.EventFiringWebDriver.getScreenshotAs(EventFiringWebDriver.java:288)
	at com.crm.utils.TestUtil.takeScreenshotAtEndOfTest(TestUtil.java:65)
	at com.crm.utils.WebEventListener.onException(WebEventListener.java:71)
	at sun.reflect.GeneratedMethodAccessor1.invoke(Unknown Source)
	at sun.reflect.DelegatingMethodAccessorImpl.invoke(DelegatingMethodAccessorImpl.java:43)
	at java.lang.reflect.Method.invoke(Method.java:498)
	at org.openqa.selenium.support.events.EventFiringWebDriver$1.invoke(EventFiringWebDriver.java:82)
	at com.sun.proxy.$Proxy5.onException(Unknown Source)
	at org.openqa.selenium.support.events.EventFiringWebDriver$2.invoke(EventFiringWebDriver.java:107)
	at com.sun.proxy.$Proxy6.getScreenshotAs(Unknown Source)
	at org.openqa.selenium.support.events.EventFiringWebDriver.getScreenshotAs(EventFiringWebDriver.java:288)
	at com.crm.utils.TestUtil.takeScreenshotAtEndOfTest(TestUtil.java:65)
	at com.crm.utils.WebEventListener.onException(WebEventListener.java:71)
	at sun.reflect.GeneratedMethodAccessor1.invoke(Unknown Source)
	at sun.reflect.DelegatingMethodAccessorImpl.invoke(DelegatingMethodAccessorImpl.java:43)
	at java.lang.reflect.Method.invoke(Method.java:498)
	at org.openqa.selenium.support.events.EventFiringWebDriver$1.invoke(EventFiringWebDriver.java:82)
	at com.sun.proxy.$Proxy5.onException(Unknown Source)
	at org.openqa.selenium.support.events.EventFiringWebDriver$2.invoke(EventFiringWebDriver.java:107)
	at com.sun.proxy.$Proxy6.getScreenshotAs(Unknown Source)
	at org.openqa.selenium.support.events.EventFiringWebDriver.getScreenshotAs(EventFiringWebDriver.java:288)
	at com.crm.utils.TestUtil.takeScreenshotAtEndOfTest(TestUtil.java:65)
	at com.crm.utils.WebEventListener.onException(WebEventListener.java:71)
	at sun.reflect.GeneratedMethodAccessor1.invoke(Unknown Source)
	at sun.reflect.DelegatingMethodAccessorImpl.invoke(DelegatingMethodAccessorImpl.java:43)
	at java.lang.reflect.Method.invoke(Method.java:498)
	at org.openqa.selenium.support.events.EventFiringWebDriver$1.invoke(EventFiringWebDriver.java:82)
	at com.sun.proxy.$Proxy5.onException(Unknown Source)
	at org.openqa.selenium.support.events.EventFiringWebDriver$2.invoke(EventFiringWebDriver.java:107)
	at com.sun.proxy.$Proxy6.getScreenshotAs(Unknown Source)
	at org.openqa.selenium.support.events.EventFiringWebDriver.getScreenshotAs(EventFiringWebDriver.java:288)
	at com.crm.utils.TestUtil.takeScreenshotAtEndOfTest(TestUtil.java:65)
	at com.crm.utils.WebEventListener.onException(WebEventListener.java:71)
	at sun.reflect.GeneratedMethodAccessor1.invoke(Unknown Source)
	at sun.reflect.DelegatingMethodAccessorImpl.invoke(DelegatingMethodAccessorImpl.java:43)
	at java.lang.reflect.Method.invoke(Method.java:498)
	at org.openqa.selenium.support.events.EventFiringWebDriver$1.invoke(EventFiringWebDriver.java:82)
	at com.sun.proxy.$Proxy5.onException(Unknown Source)
	at org.openqa.selenium.support.events.EventFiringWebDriver$2.invoke(EventFiringWebDriver.java:107)
	at com.sun.proxy.$Proxy6.getScreenshotAs(Unknown Source)
	at org.openqa.selenium.support.events.EventFiringWebDriver.getScreenshotAs(EventFiringWebDriver.java:288)
	at com.crm.utils.TestUtil.takeScreenshotAtEndOfTest(TestUtil.java:65)
	at com.crm.utils.WebEventListener.onException(WebEventListener.java:71)
	at sun.reflect.GeneratedMethodAccessor1.invoke(Unknown Source)
	at sun.reflect.DelegatingMethodAccessorImpl.invoke(DelegatingMethodAccessorImpl.java:43)
	at java.lang.reflect.Method.invoke(Method.java:498)
	at org.openqa.selenium.support.events.EventFiringWebDriver$1.invoke(EventFiringWebDriver.java:82)
	at com.sun.proxy.$Proxy5.onException(Unknown Source)
	at org.openqa.selenium.support.events.EventFiringWebDriver$2.invoke(EventFiringWebDriver.java:107)
	at com.sun.proxy.$Proxy6.getScreenshotAs(Unknown Source)
	at org.openqa.selenium.support.events.EventFiringWebDriver.getScreenshotAs(EventFiringWebDriver.java:288)
	at com.crm.utils.TestUtil.takeScreenshotAtEndOfTest(TestUtil.java:65)
	at com.crm.utils.WebEventListener.onException(WebEventListener.java:71)
	at sun.reflect.GeneratedMethodAccessor1.invoke(Unknown Source)
	at sun.reflect.DelegatingMethodAccessorImpl.invoke(DelegatingMethodAccessorImpl.java:43)
	at java.lang.reflect.Method.invoke(Method.java:498)
	at org.openqa.selenium.support.events.EventFiringWebDriver$1.invoke(EventFiringWebDriver.java:82)
	at com.sun.proxy.$Proxy5.onException(Unknown Source)
	at org.openqa.selenium.support.events.EventFiringWebDriver$2.invoke(EventFiringWebDriver.java:107)
	at com.sun.proxy.$Proxy6.getScreenshotAs(Unknown Source)
	at org.openqa.selenium.support.events.EventFiringWebDriver.getScreenshotAs(EventFiringWebDriver.java:288)
	at com.crm.utils.TestUtil.takeScreenshotAtEndOfTest(TestUtil.java:65)
	at com.crm.utils.WebEventListener.onException(WebEventListener.java:71)
	at sun.reflect.GeneratedMethodAccessor1.invoke(Unknown Source)
	at sun.reflect.DelegatingMethodAccessorImpl.invoke(DelegatingMethodAccessorImpl.java:43)
	at java.lang.reflect.Method.invoke(Method.java:498)
	at org.openqa.selenium.support.events.EventFiringWebDriver$1.invoke(EventFiringWebDriver.java:82)
	at com.sun.proxy.$Proxy5.onException(Unknown Source)
	at org.openqa.selenium.support.events.EventFiringWebDriver$2.invoke(EventFiringWebDriver.java:107)
	at com.sun.proxy.$Proxy6.getScreenshotAs(Unknown Source)
	at org.openqa.selenium.support.events.EventFiringWebDriver.getScreenshotAs(EventFiringWebDriver.java:288)
	at com.crm.utils.TestUtil.takeScreenshotAtEndOfTest(TestUtil.java:65)
	at com.crm.utils.WebEventListener.onException(WebEventListener.java:71)
	at sun.reflect.GeneratedMethodAccessor1.invoke(Unknown Source)
	at sun.reflect.DelegatingMethodAccessorImpl.invoke(DelegatingMethodAccessorImpl.java:43)
	at java.lang.reflect.Method.invoke(Method.java:498)
	at org.openqa.selenium.support.events.EventFiringWebDriver$1.invoke(EventFiringWebDriver.java:82)
	at com.sun.proxy.$Proxy5.onException(Unknown Source)
	at org.openqa.selenium.support.events.EventFiringWebDriver$2.invoke(EventFiringWebDriver.java:107)
	at com.sun.proxy.$Proxy6.getScreenshotAs(Unknown Source)
	at org.openqa.selenium.support.events.EventFiringWebDriver.getScreenshotAs(EventFiringWebDriver.java:288)
	at com.crm.utils.TestUtil.takeScreenshotAtEndOfTest(TestUtil.java:65)
	at com.crm.utils.WebEventListener.onException(WebEventListener.java:71)
	at sun.reflect.GeneratedMethodAccessor1.invoke(Unknown Source)
	at sun.reflect.DelegatingMethodAccessorImpl.invoke(DelegatingMethodAccessorImpl.java:43)
	at java.lang.reflect.Method.invoke(Method.java:498)
	at org.openqa.selenium.support.events.EventFiringWebDriver$1.invoke(EventFiringWebDriver.java:82)
	at com.sun.proxy.$Proxy5.onException(Unknown Source)
	at org.openqa.selenium.support.events.EventFiringWebDriver$2.invoke(EventFiringWebDriver.java:107)
	at com.sun.proxy.$Proxy6.getScreenshotAs(Unknown Source)
	at org.openqa.selenium.support.events.EventFiringWebDriver.getScreenshotAs(EventFiringWebDriver.java:288)
	at com.crm.utils.TestUtil.takeScreenshotAtEndOfTest(TestUtil.java:65)
	at com.crm.utils.WebEventListener.onException(WebEventListener.java:71)
	at sun.reflect.GeneratedMethodAccessor1.invoke(Unknown Source)
	at sun.reflect.DelegatingMethodAccessorImpl.invoke(DelegatingMethodAccessorImpl.java:43)
	at java.lang.reflect.Method.invoke(Method.java:498)
	at org.openqa.selenium.support.events.EventFiringWebDriver$1.invoke(EventFiringWebDriver.java:82)
	at com.sun.proxy.$Proxy5.onException(Unknown Source)
	at org.openqa.selenium.support.events.EventFiringWebDriver$2.invoke(EventFiringWebDriver.java:107)
	at com.sun.proxy.$Proxy6.getScreenshotAs(Unknown Source)
	at org.openqa.selenium.support.events.EventFiringWebDriver.getScreenshotAs(EventFiringWebDriver.java:288)
	at com.crm.utils.TestUtil.takeScreenshotAtEndOfTest(TestUtil.java:65)
	at com.crm.utils.WebEventListener.onException(WebEventListener.java:71)
	at sun.reflect.GeneratedMethodAccessor1.invoke(Unknown Source)
	at sun.reflect.DelegatingMethodAccessorImpl.invoke(DelegatingMethodAccessorImpl.java:43)
	at java.lang.reflect.Method.invoke(Method.java:498)
	at org.openqa.selenium.support.events.EventFiringWebDriver$1.invoke(EventFiringWebDriver.java:82)
	at com.sun.proxy.$Proxy5.onException(Unknown Source)
	at org.openqa.selenium.support.events.EventFiringWebDriver$2.invoke(EventFiringWebDriver.java:107)
	at com.sun.proxy.$Proxy6.getScreenshotAs(Unknown Source)
	at org.openqa.selenium.support.events.EventFiringWebDriver.getScreenshotAs(EventFiringWebDriver.java:288)
	at com.crm.utils.TestUtil.takeScreenshotAtEndOfTest(TestUtil.java:65)
	at com.crm.utils.WebEventListener.onException(WebEventListener.java:71)
	at sun.reflect.GeneratedMethodAccessor1.invoke(Unknown Source)
	at sun.reflect.DelegatingMethodAccessorImpl.invoke(DelegatingMethodAccessorImpl.java:43)
	at java.lang.reflect.Method.invoke(Method.java:498)
	at org.openqa.selenium.support.events.EventFiringWebDriver$1.invoke(EventFiringWebDriver.java:82)
	at com.sun.proxy.$Proxy5.onException(Unknown Source)
	at org.openqa.selenium.support.events.EventFiringWebDriver$2.invoke(EventFiringWebDriver.java:107)
	at com.sun.proxy.$Proxy6.getScreenshotAs(Unknown Source)
	at org.openqa.selenium.support.events.EventFiringWebDriver.getScreenshotAs(EventFiringWebDriver.java:288)
	at com.crm.utils.TestUtil.takeScreenshotAtEndOfTest(TestUtil.java:65)
	at com.crm.utils.WebEventListener.onException(WebEventListener.java:71)
	at sun.reflect.GeneratedMethodAccessor1.invoke(Unknown Source)
	at sun.reflect.DelegatingMethodAccessorImpl.invoke(DelegatingMethodAccessorImpl.java:43)
	at java.lang.reflect.Method.invoke(Method.java:498)
	at org.openqa.selenium.support.events.EventFiringWebDriver$1.invoke(EventFiringWebDriver.java:82)
	at com.sun.proxy.$Proxy5.onException(Unknown Source)
	at org.openqa.selenium.support.events.EventFiringWebDriver$2.invoke(EventFiringWebDriver.java:107)
	at com.sun.proxy.$Proxy6.getScreenshotAs(Unknown Source)
	at org.openqa.selenium.support.events.EventFiringWebDriver.getScreenshotAs(EventFiringWebDriver.java:288)
	at com.crm.utils.TestUtil.takeScreenshotAtEndOfTest(TestUtil.java:65)
	at com.crm.utils.WebEventListener.onException(WebEventListener.java:71)
	at sun.reflect.GeneratedMethodAccessor1.invoke(Unknown Source)
	at sun.reflect.DelegatingMethodAccessorImpl.invoke(DelegatingMethodAccessorImpl.java:43)
	at java.lang.reflect.Method.invoke(Method.java:498)
	at org.openqa.selenium.support.events.EventFiringWebDriver$1.invoke(EventFiringWebDriver.java:82)
	at com.sun.proxy.$Proxy5.onException(Unknown Source)
	at org.openqa.selenium.support.events.EventFiringWebDriver$2.invoke(EventFiringWebDriver.java:107)
	at com.sun.proxy.$Proxy6.getScreenshotAs(Unknown Source)
	at org.openqa.selenium.support.events.EventFiringWebDriver.getScreenshotAs(EventFiringWebDriver.java:288)
	at com.crm.utils.TestUtil.takeScreenshotAtEndOfTest(TestUtil.java:65)
	at com.crm.utils.WebEventListener.onException(WebEventListener.java:71)
	at sun.reflect.GeneratedMethodAccessor1.invoke(Unknown Source)
	at sun.reflect.DelegatingMethodAccessorImpl.invoke(DelegatingMethodAccessorImpl.java:43)
	at java.lang.reflect.Method.invoke(Method.java:498)
	at org.openqa.selenium.support.events.EventFiringWebDriver$1.invoke(EventFiringWebDriver.java:82)
	at com.sun.proxy.$Proxy5.onException(Unknown Source)
	at org.openqa.selenium.support.events.EventFiringWebDriver$2.invoke(EventFiringWebDriver.java:107)
	at com.sun.proxy.$Proxy6.getScreenshotAs(Unknown Source)
]]>
            </full-stacktrace>
          </exception> <!-- java.lang.StackOverflowError -->
          <reporter-output>
          </reporter-output>
        </test-method> <!-- setup -->
        <test-method status="SKIP" signature="loginPageTitleTest()[pri:1, instance:com.crm.test.LoginPageTest@6a2bcfcb]" name="loginPageTitleTest" duration-ms="0" started-at="2018-11-09T20:41:45Z" finished-at="2018-11-09T20:41:45Z">
[...]
	at sun.reflect.DelegatingMethodAccessorImpl.invoke(DelegatingMethodAccessorImpl.java:43)
	at java.lang.reflect.Method.invoke(Method.java:498)
	at org.openqa.selenium.support.events.EventFiringWebDriver$1.invoke(EventFiringWebDriver.java:82)
	at com.sun.proxy.$Proxy5.onException(Unknown Source)
	at org.openqa.selenium.support.events.EventFiringWebDriver$2.invoke(EventFiringWebDriver.java:107)
	at com.sun.proxy.$Proxy6.getScreenshotAs(Unknown Source)
	at org.openqa.selenium.support.events.EventFiringWebDriver.getScreenshotAs(EventFiringWebDriver.java:288)
	at com.crm.utils.TestUtil.takeScreenshotAtEndOfTest(TestUtil.java:65)
	at com.crm.utils.WebEventListener.onException(WebEventListener.java:71)
	at sun.reflect.GeneratedMethodAccessor1.invoke(Unknown Source)
	at sun.reflect.DelegatingMethodAccessorImpl.invoke(DelegatingMethodAccessorImpl.java:43)
	at java.lang.reflect.Method.invoke(Method.java:498)
	at org.openqa.selenium.support.events.EventFiringWebDriver$1.invoke(EventFiringWebDriver.java:82)
	at com.sun.proxy.$Proxy5.onException(Unknown Source)
	at org.openqa.selenium.support.events.EventFiringWebDriver$2.invoke(EventFiringWebDriver.java:107)
	at com.sun.proxy.$Proxy6.getScreenshotAs(Unknown Source)
	at org.openqa.selenium.support.events.EventFiringWebDriver.getScreenshotAs(EventFiringWebDriver.java:288)
	at com.crm.utils.TestUtil.takeScreenshotAtEndOfTest(TestUtil.java:65)
	at com.crm.utils.WebEventListener.onException(WebEventListener.java:71)
	at sun.reflect.GeneratedMethodAccessor1.invoke(Unknown Source)
	at sun.reflect.DelegatingMethodAccessorImpl.invoke(DelegatingMethodAccessorImpl.java:43)
	at java.lang.reflect.Method.invoke(Method.java:498)
	at org.openqa.selenium.support.events.EventFiringWebDriver$1.invoke(EventFiringWebDriver.java:82)
	at com.sun.proxy.$Proxy5.onException(Unknown Source)
	at org.openqa.selenium.support.events.EventFiringWebDriver$2.invoke(EventFiringWebDriver.java:107)
	at com.sun.proxy.$Proxy6.getScreenshotAs(Unknown Source)
	at org.openqa.selenium.support.events.EventFiringWebDriver.getScreenshotAs(EventFiringWebDriver.java:288)
	at com.crm.utils.TestUtil.takeScreenshotAtEndOfTest(TestUtil.java:65)
	at com.crm.utils.WebEventListener.onException(WebEventListener.java:71)
	at sun.reflect.GeneratedMethodAccessor1.invoke(Unknown Source)
	at sun.reflect.DelegatingMethodAccessorImpl.invoke(DelegatingMethodAccessorImpl.java:43)
	at java.lang.reflect.Method.invoke(Method.java:498)
	at org.openqa.selenium.support.events.EventFiringWebDriver$1.invoke(EventFiringWebDriver.java:82)
	at com.sun.proxy.$Proxy5.onException(Unknown Source)
	at org.openqa.selenium.support.events.EventFiringWebDriver$2.invoke(EventFiringWebDriver.java:107)
	at com.sun.proxy.$Proxy6.getScreenshotAs(Unknown Source)
	at org.openqa.selenium.support.events.EventFiringWebDriver.getScreenshotAs(EventFiringWebDriver.java:288)
	at com.crm.utils.TestUtil.takeScreenshotAtEndOfTest(TestUtil.java:65)
	at com.crm.utils.WebEventListener.onException(WebEventListener.java:71)
	at sun.reflect.GeneratedMethodAccessor1.invoke(Unknown Source)
	at sun.reflect.DelegatingMethodAccessorImpl.invoke(DelegatingMethodAccessorImpl.java:43)
	at java.lang.reflect.Method.invoke(Method.java:498)
	at org.openqa.selenium.support.events.EventFiringWebDriver$1.invoke(EventFiringWebDriver.java:82)
	at com.sun.proxy.$Proxy5.onException(Unknown Source)
	at org.openqa.selenium.support.events.EventFiringWebDriver$2.invoke(EventFiringWebDriver.java:107)
	at com.sun.proxy.$Proxy6.getScreenshotAs(Unknown Source)
	at org.openqa.selenium.support.events.EventFiringWebDriver.getScreenshotAs(EventFiringWebDriver.java:288)
	at com.crm.utils.TestUtil.takeScreenshotAtEndOfTest(TestUtil.java:65)
	at com.crm.utils.WebEventListener.onException(WebEventListener.java:71)
	at sun.reflect.GeneratedMethodAccessor1.invoke(Unknown Source)
	at sun.reflect.DelegatingMethodAccessorImpl.invoke(DelegatingMethodAccessorImpl.java:43)
	at java.lang.reflect.Method.invoke(Method.java:498)
	at org.openqa.selenium.support.events.EventFiringWebDriver$1.invoke(EventFiringWebDriver.java:82)
	at com.sun.proxy.$Proxy5.onException(Unknown Source)
	at org.openqa.selenium.support.events.EventFiringWebDriver$2.invoke(EventFiringWebDriver.java:107)
	at com.sun.proxy.$Proxy6.getScreenshotAs(Unknown Source)
	at org.openqa.selenium.support.events.EventFiringWebDriver.getScreenshotAs(EventFiringWebDriver.java:288)
	at com.crm.utils.TestUtil.takeScreenshotAtEndOfTest(TestUtil.java:65)
	at com.crm.utils.WebEventListener.onException(WebEventListener.java:71)
	at sun.reflect.GeneratedMethodAccessor1.invoke(Unknown Source)
	at sun.reflect.DelegatingMethodAccessorImpl.invoke(DelegatingMethodAccessorImpl.java:43)
	at java.lang.reflect.Method.invoke(Method.java:498)
	at org.openqa.selenium.support.events.EventFiringWebDriver$1.invoke(EventFiringWebDriver.java:82)
	at com.sun.proxy.$Proxy5.onException(Unknown Source)
	at org.openqa.selenium.support.events.EventFiringWebDriver$2.invoke(EventFiringWebDriver.java:107)
	at com.sun.proxy.$Proxy6.getScreenshotAs(Unknown Source)
	at org.openqa.selenium.support.events.EventFiringWebDriver.getScreenshotAs(EventFiringWebDriver.java:288)
	at com.crm.utils.TestUtil.takeScreenshotAtEndOfTest(TestUtil.java:65)
	at com.crm.utils.WebEventListener.onException(WebEventListener.java:71)
	at sun.reflect.GeneratedMethodAccessor1.invoke(Unknown Source)
	at sun.reflect.DelegatingMethodAccessorImpl.invoke(DelegatingMethodAccessorImpl.java:43)
	at java.lang.reflect.Method.invoke(Method.java:498)
	at org.openqa.selenium.support.events.EventFiringWebDriver$1.invoke(EventFiringWebDriver.java:82)
	at com.sun.proxy.$Proxy5.onException(Unknown Source)
	at org.openqa.selenium.support.events.EventFiringWebDriver$2.invoke(EventFiringWebDriver.java:107)
	at com.sun.proxy.$Proxy6.getScreenshotAs(Unknown Source)
	at org.openqa.selenium.support.events.EventFiringWebDriver.getScreenshotAs(EventFiringWebDriver.java:288)
	at com.crm.utils.TestUtil.takeScreenshotAtEndOfTest(TestUtil.java:65)
	at com.crm.utils.WebEventListener.onException(WebEventListener.java:71)
	at sun.reflect.GeneratedMethodAccessor1.invoke(Unknown Source)
	at sun.reflect.DelegatingMethodAccessorImpl.invoke(DelegatingMethodAccessorImpl.java:43)
	at java.lang.reflect.Method.invoke(Method.java:498)
	at org.openqa.selenium.support.events.EventFiringWebDriver$1.invoke(EventFiringWebDriver.java:82)
	at com.sun.proxy.$Proxy5.onException(Unknown Source)
	at org.openqa.selenium.support.events.EventFiringWebDriver$2.invoke(EventFiringWebDriver.java:107)
	at com.sun.proxy.$Proxy6.getScreenshotAs(Unknown Source)
	at org.openqa.selenium.support.events.EventFiringWebDriver.getScreenshotAs(EventFiringWebDriver.java:288)
	at com.crm.utils.TestUtil.takeScreenshotAtEndOfTest(TestUtil.java:65)
	at com.crm.utils.WebEventListener.onException(WebEventListener.java:71)
	at sun.reflect.GeneratedMethodAccessor1.invoke(Unknown Source)
	at sun.reflect.DelegatingMethodAccessorImpl.invoke(DelegatingMethodAccessorImpl.java:43)
	at java.lang.reflect.Method.invoke(Method.java:498)
	at org.openqa.selenium.support.events.EventFiringWebDriver$1.invoke(EventFiringWebDriver.java:82)
	at com.sun.proxy.$Proxy5.onException(Unknown Source)
	at org.openqa.selenium.support.events.EventFiringWebDriver$2.invoke(EventFiringWebDriver.java:107)
	at com.sun.proxy.$Proxy6.getScreenshotAs(Unknown Source)
	at org.openqa.selenium.support.events.EventFiringWebDriver.getScreenshotAs(EventFiringWebDriver.java:288)
	at com.crm.utils.TestUtil.takeScreenshotAtEndOfTest(TestUtil.java:65)
	at com.crm.utils.WebEventListener.onException(WebEventListener.java:71)
	at sun.reflect.GeneratedMethodAccessor1.invoke(Unknown Source)
	at sun.reflect.DelegatingMethodAccessorImpl.invoke(DelegatingMethodAccessorImpl.java:43)
	at java.lang.reflect.Method.invoke(Method.java:498)
	at org.openqa.selenium.support.events.EventFiringWebDriver$1.invoke(EventFiringWebDriver.java:82)
	at com.sun.proxy.$Proxy5.onException(Unknown Source)
	at org.openqa.selenium.support.events.EventFiringWebDriver$2.invoke(EventFiringWebDriver.java:107)
	at com.sun.proxy.$Proxy6.getScreenshotAs(Unknown Source)
	at org.openqa.selenium.support.events.EventFiringWebDriver.getScreenshotAs(EventFiringWebDriver.java:288)
	at com.crm.utils.TestUtil.takeScreenshotAtEndOfTest(TestUtil.java:65)
	at com.crm.utils.WebEventListener.onException(WebEventListener.java:71)
	at sun.reflect.GeneratedMethodAccessor1.invoke(Unknown Source)
	at sun.reflect.DelegatingMethodAccessorImpl.invoke(DelegatingMethodAccessorImpl.java:43)
	at java.lang.reflect.Method.invoke(Method.java:498)
	at org.openqa.selenium.support.events.EventFiringWebDriver$1.invoke(EventFiringWebDriver.java:82)
	at com.sun.proxy.$Proxy5.onException(Unknown Source)
	at org.openqa.selenium.support.events.EventFiringWebDriver$2.invoke(EventFiringWebDriver.java:107)
	at com.sun.proxy.$Proxy6.getScreenshotAs(Unknown Source)
	at org.openqa.selenium.support.events.EventFiringWebDriver.getScreenshotAs(EventFiringWebDriver.java:288)
	at com.crm.utils.TestUtil.takeScreenshotAtEndOfTest(TestUtil.java:65)
	at com.crm.utils.WebEventListener.onException(WebEventListener.java:71)
	at sun.reflect.GeneratedMethodAccessor1.invoke(Unknown Source)
	at sun.reflect.DelegatingMethodAccessorImpl.invoke(DelegatingMethodAccessorImpl.java:43)
	at java.lang.reflect.Method.invoke(Method.java:498)
	at org.openqa.selenium.support.events.EventFiringWebDriver$1.invoke(EventFiringWebDriver.java:82)
	at com.sun.proxy.$Proxy5.onException(Unknown Source)
	at org.openqa.selenium.support.events.EventFiringWebDriver$2.invoke(EventFiringWebDriver.java:107)
	at com.sun.proxy.$Proxy6.getScreenshotAs(Unknown Source)
	at org.openqa.selenium.support.events.EventFiringWebDriver.getScreenshotAs(EventFiringWebDriver.java:288)
	at com.crm.utils.TestUtil.takeScreenshotAtEndOfTest(TestUtil.java:65)
	at com.crm.utils.WebEventListener.onException(WebEventListener.java:71)
	at sun.reflect.GeneratedMethodAccessor1.invoke(Unknown Source)
	at sun.reflect.DelegatingMethodAccessorImpl.invoke(DelegatingMethodAccessorImpl.java:43)
	at java.lang.reflect.Method.invoke(Method.java:498)
	at org.openqa.selenium.support.events.EventFiringWebDriver$1.invoke(EventFiringWebDriver.java:82)
	at com.sun.proxy.$Proxy5.onException(Unknown Source)
	at org.openqa.selenium.support.events.EventFiringWebDriver$2.invoke(EventFiringWebDriver.java:107)
	at com.sun.proxy.$Proxy6.getScreenshotAs(Unknown Source)
	at org.openqa.selenium.support.events.EventFiringWebDriver.getScreenshotAs(EventFiringWebDriver.java:288)
	at com.crm.utils.TestUtil.takeScreenshotAtEndOfTest(TestUtil.java:65)
	at com.crm.utils.WebEventListener.onException(WebEventListener.java:71)
	at sun.reflect.GeneratedMethodAccessor1.invoke(Unknown Source)
	at sun.reflect.DelegatingMethodAccessorImpl.invoke(DelegatingMethodAccessorImpl.java:43)
	at java.lang.reflect.Method.invoke(Method.java:498)
	at org.openqa.selenium.support.events.EventFiringWebDriver$1.invoke(EventFiringWebDriver.java:82)
	at com.sun.proxy.$Proxy5.onException(Unknown Source)
	at org.openqa.selenium.support.events.EventFiringWebDriver$2.invoke(EventFiringWebDriver.java:107)
	at com.sun.proxy.$Proxy6.getScreenshotAs(Unknown Source)
	at org.openqa.selenium.support.events.EventFiringWebDriver.getScreenshotAs(EventFiringWebDriver.java:288)
	at com.crm.utils.TestUtil.takeScreenshotAtEndOfTest(TestUtil.java:65)
	at com.crm.utils.WebEventListener.onException(WebEventListener.java:71)
	at sun.reflect.GeneratedMethodAccessor1.invoke(Unknown Source)
	at sun.reflect.DelegatingMethodAccessorImpl.invoke(DelegatingMethodAccessorImpl.java:43)
	at java.lang.reflect.Method.invoke(Method.java:498)
	at org.openqa.selenium.support.events.EventFiringWebDriver$1.invoke(EventFiringWebDriver.java:82)
	at com.sun.proxy.$Proxy5.onException(Unknown Source)
	at org.openqa.selenium.support.events.EventFiringWebDriver$2.invoke(EventFiringWebDriver.java:107)
	at com.sun.proxy.$Proxy6.getScreenshotAs(Unknown Source)
]]>
            </full-stacktrace>
          </exception> <!-- java.lang.StackOverflowError -->
          <reporter-output>
          </reporter-output>
        </test-method> <!-- LoginTest -->
        <test-method status="SKIP" signature="setup()[pri:0, instance:com.crm.test.LoginPageTest@6a2bcfcb]" name="setup" is-config="true" duration-ms="0" started-at="2018-11-09T20:43:21Z" finished-at="2018-11-09T20:43:21Z">
          <reporter-output>
          </reporter-output>
        </test-method> <!-- setup -->
      </class> <!-- com.crm.test.LoginPageTest -->
      <class name="com.crm.test.HomePageTest">
        <test-method status="PASS" signature="setup()[pri:0, instance:com.crm.test.HomePageTest@1efbd816]" name="setup" is-config="true" duration-ms="17387" started-at="2018-11-09T20:38:52Z" finished-at="2018-11-09T20:39:09Z">
          <reporter-output>
          </reporter-output>
        </test-method> <!-- setup -->
        <test-method status="PASS" signature="verifyHomePageTitleTest()[pri:1, instance:com.crm.test.HomePageTest@1efbd816]" name="verifyHomePageTitleTest" duration-ms="17" started-at="2018-11-09T20:39:09Z" finished-at="2018-11-09T20:39:09Z">
          <reporter-output>
          </reporter-output>
        </test-method> <!-- verifyHomePageTitleTest -->
        <test-method status="PASS" signature="teardown()[pri:0, instance:com.crm.test.HomePageTest@1efbd816]" name="teardown" is-config="true" duration-ms="1214" started-at="2018-11-09T20:39:09Z" finished-at="2018-11-09T20:39:10Z">
          <reporter-output>
          </reporter-output>
        </test-method> <!-- teardown -->
        <test-method status="PASS" signature="setup()[pri:0, instance:com.crm.test.HomePageTest@1efbd816]" name="setup" is-config="true" duration-ms="19287" started-at="2018-11-09T20:42:20Z" finished-at="2018-11-09T20:42:39Z">
          <reporter-output>
          </reporter-output>
        </test-method> <!-- setup -->
        <test-method status="PASS" signature="verifyUsernameTest()[pri:2, instance:com.crm.test.HomePageTest@1efbd816]" name="verifyUsernameTest" duration-ms="100" started-at="2018-11-09T20:42:39Z" finished-at="2018-11-09T20:42:39Z">
          <reporter-output>
          </reporter-output>
        </test-method> <!-- verifyUsernameTest -->
        <test-method status="PASS" signature="teardown()[pri:0, instance:com.crm.test.HomePageTest@1efbd816]" name="teardown" is-config="true" duration-ms="1279" started-at="2018-11-09T20:42:39Z" finished-at="2018-11-09T20:42:41Z">
          <reporter-output>
          </reporter-output>
        </test-method> <!-- teardown -->
        <test-method status="PASS" signature="setup()[pri:0, instance:com.crm.test.HomePageTest@1efbd816]" name="setup" is-config="true" duration-ms="17360" started-at="2018-11-09T20:43:01Z" finished-at="2018-11-09T20:43:18Z">
          <reporter-output>
          </reporter-output>
        </test-method> <!-- setup -->
        <test-method status="PASS" signature="clickContactLinkTest()[pri:3, instance:com.crm.test.HomePageTest@1efbd816]" name="clickContactLinkTest" duration-ms="1583" started-at="2018-11-09T20:43:18Z" finished-at="2018-11-09T20:43:20Z">
          <reporter-output>
          </reporter-output>
        </test-method> <!-- clickContactLinkTest -->
        <test-method status="PASS" signature="teardown()[pri:0, instance:com.crm.test.HomePageTest@1efbd816]" name="teardown" is-config="true" duration-ms="1333" started-at="2018-11-09T20:43:20Z" finished-at="2018-11-09T20:43:21Z">
          <reporter-output>
          </reporter-output>
        </test-method> <!-- teardown -->
        <test-method status="PASS" signature="setup()[pri:0, instance:com.crm.test.HomePageTest@1efbd816]" name="setup" is-config="true" duration-ms="18718" started-at="2018-11-09T20:43:21Z" finished-at="2018-11-09T20:43:40Z">
          <reporter-output>
          </reporter-output>
        </test-method> <!-- setup -->
        <test-method status="PASS" signature="clickonTaskLink()[pri:4, instance:com.crm.test.HomePageTest@1efbd816]" name="clickonTaskLink" duration-ms="1636" started-at="2018-11-09T20:43:40Z" finished-at="2018-11-09T20:43:41Z">
          <reporter-output>
          </reporter-output>
        </test-method> <!-- clickonTaskLink -->
        <test-method status="PASS" signature="teardown()[pri:0, instance:com.crm.test.HomePageTest@1efbd816]" name="teardown" is-config="true" duration-ms="1251" started-at="2018-11-09T20:43:41Z" finished-at="2018-11-09T20:43:43Z">
          <reporter-output>
          </reporter-output>
        </test-method> <!-- teardown -->
      </class> <!-- com.crm.test.HomePageTest -->
      <class name="com.crm.test.ContactPageTest">
        <test-method status="PASS" signature="setup()[pri:0, instance:com.crm.test.ContactPageTest@66d2e7d9]" name="setup" is-config="true" duration-ms="21764" started-at="2018-11-09T20:38:29Z" finished-at="2018-11-09T20:38:51Z">
          <reporter-output>
          </reporter-output>
        </test-method> <!-- setup -->
        <test-method status="PASS" signature="verifycontactlabelTest()[pri:1, instance:com.crm.test.ContactPageTest@66d2e7d9]" name="verifycontactlabelTest" duration-ms="42" started-at="2018-11-09T20:38:51Z" finished-at="2018-11-09T20:38:51Z">
          <reporter-output>
          </reporter-output>
        </test-method> <!-- verifycontactlabelTest -->
        <test-method status="PASS" signature="teardown()[pri:0, instance:com.crm.test.ContactPageTest@66d2e7d9]" name="teardown" is-config="true" duration-ms="1269" started-at="2018-11-09T20:38:51Z" finished-at="2018-11-09T20:38:52Z">
          <reporter-output>
          </reporter-output>
        </test-method> <!-- teardown -->
      </class> <!-- com.crm.test.ContactPageTest -->
      <class name="com.crm.test.TaskPageTest">
        <test-method status="PASS" signature="setup()[pri:0, instance:com.crm.test.TaskPageTest@4de8b406]" name="setup" is-config="true" duration-ms="33246" started-at="2018-11-09T20:41:45Z" finished-at="2018-11-09T20:42:19Z">
          <reporter-output>
          </reporter-output>
        </test-method> <!-- setup -->
        <test-method status="PASS" signature="verifyTasklabelTest()[pri:1, instance:com.crm.test.TaskPageTest@4de8b406]" name="verifyTasklabelTest" duration-ms="80" started-at="2018-11-09T20:42:19Z" finished-at="2018-11-09T20:42:19Z">
          <reporter-output>
          </reporter-output>
        </test-method> <!-- verifyTasklabelTest -->
        <test-method status="PASS" signature="teardown()[pri:0, instance:com.crm.test.TaskPageTest@4de8b406]" name="teardown" is-config="true" duration-ms="1258" started-at="2018-11-09T20:42:19Z" finished-at="2018-11-09T20:42:20Z">
          <reporter-output>
          </reporter-output>
        </test-method> <!-- teardown -->
        <test-method status="PASS" signature="setup()[pri:0, instance:com.crm.test.TaskPageTest@4de8b406]" name="setup" is-config="true" duration-ms="18673" started-at="2018-11-09T20:42:41Z" finished-at="2018-11-09T20:42:59Z">
          <reporter-output>
          </reporter-output>
        </test-method> <!-- setup -->
        <test-method status="PASS" signature="clickonExpandbuttonTest()[pri:2, instance:com.crm.test.TaskPageTest@4de8b406]" name="clickonExpandbuttonTest" duration-ms="118" started-at="2018-11-09T20:42:59Z" finished-at="2018-11-09T20:42:59Z">
          <reporter-output>
          </reporter-output>
        </test-method> <!-- clickonExpandbuttonTest -->
        <test-method status="PASS" signature="teardown()[pri:0, instance:com.crm.test.TaskPageTest@4de8b406]" name="teardown" is-config="true" duration-ms="1300" started-at="2018-11-09T20:42:59Z" finished-at="2018-11-09T20:43:01Z">
          <reporter-output>
          </reporter-output>
        </test-method> <!-- teardown -->
      </class> <!-- com.crm.test.TaskPageTest -->
    </test> <!-- Command line test -->
  </suite> <!-- Command line suite -->
</testng-results>
